  Source.cpp
C:\Users\lxve_every1\source\repos\ChessWinForm\ChessWinForm\Header.h(24,10): error C2065: Figure: необъявленный идентификатор
C:\Users\lxve_every1\source\repos\ChessWinForm\ChessWinForm\Header.h(24,17): error C2059: синтаксическая ошибка: >
C:\Users\lxve_every1\source\repos\ChessWinForm\ChessWinForm\Header.h(24,28): error C3699: ^: это косвенное обращение невозможно использовать для типа "unknown-type"
C:\Users\lxve_every1\source\repos\ChessWinForm\ChessWinForm\Header.h(24,28): message : для продолжения работы компилятор заменил "^" на "*"
C:\Users\lxve_every1\source\repos\ChessWinForm\ChessWinForm\Header.h(36,51): warning C4129: C: неизвестная escape-последовательность
C:\Users\lxve_every1\source\repos\ChessWinForm\ChessWinForm\Header.h(38,51): warning C4129: C: неизвестная escape-последовательность
C:\Users\lxve_every1\source\repos\ChessWinForm\ChessWinForm\Header.h(40,51): warning C4129: C: неизвестная escape-последовательность
C:\Users\lxve_every1\source\repos\ChessWinForm\ChessWinForm\Header.h(42,51): warning C4129: C: неизвестная escape-последовательность
C:\Users\lxve_every1\source\repos\ChessWinForm\ChessWinForm\Header.h(44,51): warning C4129: C: неизвестная escape-последовательность
C:\Users\lxve_every1\source\repos\ChessWinForm\ChessWinForm\Header.h(46,51): warning C4129: C: неизвестная escape-последовательность
C:\Users\lxve_every1\source\repos\ChessWinForm\ChessWinForm\Header.h(48,51): warning C4129: C: неизвестная escape-последовательность
C:\Users\lxve_every1\source\repos\ChessWinForm\ChessWinForm\Header.h(50,51): warning C4129: C: неизвестная escape-последовательность
C:\Users\lxve_every1\source\repos\ChessWinForm\ChessWinForm\Header.h(52,51): warning C4129: C: неизвестная escape-последовательность
C:\Users\lxve_every1\source\repos\ChessWinForm\ChessWinForm\Header.h(54,51): warning C4129: C: неизвестная escape-последовательность
C:\Users\lxve_every1\source\repos\ChessWinForm\ChessWinForm\Header.h(56,51): warning C4129: C: неизвестная escape-последовательность
C:\Users\lxve_every1\source\repos\ChessWinForm\ChessWinForm\Header.h(58,51): warning C4129: C: неизвестная escape-последовательность
C:\Users\lxve_every1\source\repos\ChessWinForm\ChessWinForm\Header.h(106,23): warning C4129: C: неизвестная escape-последовательность
C:\Users\lxve_every1\source\repos\ChessWinForm\ChessWinForm\Header.h(24,41): error C2065: Figure: необъявленный идентификатор
C:\Users\lxve_every1\source\repos\ChessWinForm\ChessWinForm\Header.h(24,28): error C2059: синтаксическая ошибка: >
C:\Users\lxve_every1\source\repos\ChessWinForm\ChessWinForm\Header.h(24,28): error C2726: "gcnew" может использоваться только для создания объекта типа управляемый
C:\Users\lxve_every1\source\repos\ChessWinForm\ChessWinForm\Header.h(60,4): error C2065: Figure: необъявленный идентификатор
C:\Users\lxve_every1\source\repos\ChessWinForm\ChessWinForm\Header.h(60,12): error C2065: newFigure: необъявленный идентификатор
C:\Users\lxve_every1\source\repos\ChessWinForm\ChessWinForm\Header.h(60,30): error C2061: синтаксическая ошибка: идентификатор "Figure"
C:\Users\lxve_every1\source\repos\ChessWinForm\ChessWinForm\Header.h(61,4): error C2065: newFigure: необъявленный идентификатор
C:\Users\lxve_every1\source\repos\ChessWinForm\ChessWinForm\Header.h(62,4): error C2065: newFigure: необъявленный идентификатор
C:\Users\lxve_every1\source\repos\ChessWinForm\ChessWinForm\Header.h(63,4): error C2065: newFigure: необъявленный идентификатор
C:\Users\lxve_every1\source\repos\ChessWinForm\ChessWinForm\Header.h(64,17): error C2065: newFigure: необъявленный идентификатор
C:\Users\lxve_every1\source\repos\ChessWinForm\ChessWinForm\Header.h(97,20): error C2143: синтаксическая ошибка: отсутствие "in" перед "^"
C:\Users\lxve_every1\source\repos\ChessWinForm\ChessWinForm\Header.h(97,22): error C2065: figure: необъявленный идентификатор
C:\Users\lxve_every1\source\repos\ChessWinForm\ChessWinForm\Header.h(97,1): error C3192: синтаксическая ошибка: "^" не является префиксным оператором (возможно, имелось в виду "*"?)
C:\Users\lxve_every1\source\repos\ChessWinForm\ChessWinForm\Header.h(97,29): error C2146: синтаксическая ошибка: отсутствие ")" перед идентификатором "in"
C:\Users\lxve_every1\source\repos\ChessWinForm\ChessWinForm\Header.h(97,1): error C2059: синтаксическая ошибка: )
C:\Users\lxve_every1\source\repos\ChessWinForm\ChessWinForm\Header.h(97,29): error C2065: in: необъявленный идентификатор
C:\Users\lxve_every1\source\repos\ChessWinForm\ChessWinForm\Header.h(97,32): error C2146: синтаксическая ошибка: отсутствие ";" перед идентификатором "figures"
C:\Users\lxve_every1\source\repos\ChessWinForm\ChessWinForm\Header.h(99,1): error C2059: синтаксическая ошибка: for each
C:\Users\lxve_every1\source\repos\ChessWinForm\ChessWinForm\Header.h(101,1): error C2143: синтаксическая ошибка: отсутствие ";" перед "{"
C:\Users\lxve_every1\source\repos\ChessWinForm\ChessWinForm\Header.h(102,35): error C2065: x: необъявленный идентификатор
C:\Users\lxve_every1\source\repos\ChessWinForm\ChessWinForm\Header.h(104,10): error C2065: figure: необъявленный идентификатор
C:\Users\lxve_every1\source\repos\ChessWinForm\ChessWinForm\Header.h(104,30): error C2065: x: необъявленный идентификатор
C:\Users\lxve_every1\source\repos\ChessWinForm\ChessWinForm\Header.h(106,93): error C2065: figure: необъявленный идентификатор
C:\Users\lxve_every1\source\repos\ChessWinForm\ChessWinForm\Header.h(106,109): error C2065: figure: необъявленный идентификатор
C:\Users\lxve_every1\source\repos\ChessWinForm\ChessWinForm\Header.h(107,33): error C2065: x: необъявленный идентификатор
C:\Users\lxve_every1\source\repos\ChessWinForm\ChessWinForm\Header.h(107,1): error C3536: filepath: не может использоваться до инициализации
C:\Users\lxve_every1\source\repos\ChessWinForm\ChessWinForm\Header.h(107,1): error C2665: System::Drawing::Image::FromFile: ни одна из 2 перегрузок не может преобразовать все типы аргументов
C:\Users\lxve_every1\source\repos\ChessWinForm\ChessWinForm\Header.h(107): message : может быть "System::Drawing::Image ^System::Drawing::Image::FromFile(System::String ^)"
C:\Users\lxve_every1\source\repos\ChessWinForm\ChessWinForm\Header.h(107,1): message : при попытке сопоставить список аргументов "(int)"
C:\Users\lxve_every1\source\repos\ChessWinForm\ChessWinForm\Header.h(1662,16): error C2143: синтаксическая ошибка: отсутствие ";" перед "^"
C:\Users\lxve_every1\source\repos\ChessWinForm\ChessWinForm\Header.h(1662,16): error C4430: отсутствует спецификатор типа - предполагается int. Примечание. C++ не поддерживает int по умолчанию
C:\Users\lxve_every1\source\repos\ChessWinForm\ChessWinForm\Header.h(1662,26): error C2238: непредвиденные лексемы перед ";"
C:\Users\lxve_every1\source\repos\ChessWinForm\ChessWinForm\Header.h(1663,16): error C2143: синтаксическая ошибка: отсутствие ";" перед "^"
C:\Users\lxve_every1\source\repos\ChessWinForm\ChessWinForm\Header.h(1663,16): error C4430: отсутствует спецификатор типа - предполагается int. Примечание. C++ не поддерживает int по умолчанию
C:\Users\lxve_every1\source\repos\ChessWinForm\ChessWinForm\Header.h(1663,22): error C2238: непредвиденные лексемы перед ";"
C:\Users\lxve_every1\source\repos\ChessWinForm\ChessWinForm\Header.h(1664,16): error C2143: синтаксическая ошибка: отсутствие ";" перед "^"
C:\Users\lxve_every1\source\repos\ChessWinForm\ChessWinForm\Header.h(1664,16): error C4430: отсутствует спецификатор типа - предполагается int. Примечание. C++ не поддерживает int по умолчанию
C:\Users\lxve_every1\source\repos\ChessWinForm\ChessWinForm\Header.h(1664,23): error C2238: непредвиденные лексемы перед ";"
C:\Users\lxve_every1\source\repos\ChessWinForm\ChessWinForm\Header.h(1666,1): error C2059: синтаксическая ошибка: }
C:\Users\lxve_every1\source\repos\ChessWinForm\ChessWinForm\Header.h(1666,1): error C2143: синтаксическая ошибка: отсутствие ";" перед "}"
C:\Program Files (x86)\Microsoft Visual Studio\2019\Community\VC\Tools\MSVC\14.29.30133\include\excpt.h(17,1): error C2143: синтаксическая ошибка: отсутствие ";" перед "{"
C:\Program Files (x86)\Microsoft Visual Studio\2019\Community\VC\Tools\MSVC\14.29.30133\include\excpt.h(17,1): error C2447: {: отсутствует заголовок функции (возможно, используется формальный список старого типа)
C:\Program Files (x86)\Windows Kits\10\Include\10.0.19041.0\um\winnt.h(1409,1): error C2143: синтаксическая ошибка: отсутствие ";" перед "__stdcall"
C:\Program Files (x86)\Windows Kits\10\Include\10.0.19041.0\um\winnt.h(1409,1): error C4430: отсутствует спецификатор типа - предполагается int. Примечание. C++ не поддерживает int по умолчанию
C:\Program Files (x86)\Windows Kits\10\Include\10.0.19041.0\um\winnt.h(1414,6): error C4430: отсутствует спецификатор типа - предполагается int. Примечание. C++ не поддерживает int по умолчанию
C:\Program Files (x86)\Windows Kits\10\Include\10.0.19041.0\um\winnt.h(1417,27): error C2143: синтаксическая ошибка: отсутствие ";" перед "*"
C:\Program Files (x86)\Windows Kits\10\Include\10.0.19041.0\um\winnt.h(1417,27): error C4430: отсутствует спецификатор типа - предполагается int. Примечание. C++ не поддерживает int по умолчанию
C:\Program Files (x86)\Windows Kits\10\Include\10.0.19041.0\um\winnt.h(1417,9): error C2365: EXCEPTION_ROUTINE: переопределение; предыдущим определением было "функция"
C:\Program Files (x86)\Windows Kits\10\Include\10.0.19041.0\um\winnt.h(1410): message : см. объявление "EXCEPTION_ROUTINE"
C:\Program Files (x86)\Windows Kits\10\Include\10.0.19041.0\um\winnt.h(1417,46): error C4430: отсутствует спецификатор типа - предполагается int. Примечание. C++ не поддерживает int по умолчанию
C:\Program Files (x86)\Windows Kits\10\Include\10.0.19041.0\um\winnt.h(11479,24): error C3646: Handler: неизвестный спецификатор переопределения
C:\Program Files (x86)\Windows Kits\10\Include\10.0.19041.0\um\winnt.h(11479,31): error C4430: отсутствует спецификатор типа - предполагается int. Примечание. C++ не поддерживает int по умолчанию
C:\Users\lxve_every1\source\repos\ChessWinForm\ChessWinForm\Source.cpp(10,32): warning C4829: Возможно, неправильные параметры функции main. Рекомендуемый вариант - "int main(Platform::Array<Platform::String^>^ argv)"
