


***************************************
Решение системы методом Ньютона
***************************************

F(X0):
-0.500
+0.000

Норма:0.250000 > 0.010000

Якобиан J(X(0))
+1.000 +1.000 
+1.000 -1.000 

Обратный якобиан J-1(X(0))
+0.500 +0.500 
+0.500 -0.500 

Сдвиг
по x[0]=-0.250000
по x[1]=-0.250000

X(1):
x[0]= 0.750000
x[1]= 0.750000

F(X1):
+0.125
+0.000

Норма:0.015625 > 0.010000

Якобиан J(X(1))
+1.500 +1.500 
+1.000 -1.000 

Обратный якобиан J-1(X(1))
+0.333 +0.500 
+0.333 -0.500 

Сдвиг
по x[0]= 0.041667
по x[1]= 0.041667

X(2):
x[0]= 0.708333
x[1]= 0.708333

F(X2):
+0.003
+0.000

Норма:0.000012 < 0.010000

Решение:
x[0]= 0.708333
x[1]= 0.708333
