  [NM] 6.5.1.cpp
D:\Visual Studio 2022\VC\Tools\MSVC\14.35.32215\include\pbPlots.cpp(133,32): warning C4244: аргумент: преобразование "double" в "const unsigned __int64", возможна потеря данных
D:\Visual Studio 2022\VC\Tools\MSVC\14.35.32215\include\pbPlots.cpp(155,51): warning C4244: аргумент: преобразование "double" в "const unsigned __int64", возможна потеря данных
D:\Visual Studio 2022\VC\Tools\MSVC\14.35.32215\include\pbPlots.cpp(197,47): warning C4244: аргумент: преобразование "double" в "const unsigned __int64", возможна потеря данных
D:\Visual Studio 2022\VC\Tools\MSVC\14.35.32215\include\pbPlots.cpp(199,36): warning C4244: аргумент: преобразование "double" в "const unsigned __int64", возможна потеря данных
D:\Visual Studio 2022\VC\Tools\MSVC\14.35.32215\include\pbPlots.cpp(201,45): warning C4244: аргумент: преобразование "double" в "const unsigned __int64", возможна потеря данных
D:\Visual Studio 2022\VC\Tools\MSVC\14.35.32215\include\pbPlots.cpp(222,88): warning C4244: аргумент: преобразование "double" в "const unsigned __int64", возможна потеря данных
D:\Visual Studio 2022\VC\Tools\MSVC\14.35.32215\include\pbPlots.cpp(228,63): warning C4244: аргумент: преобразование "double" в "const unsigned __int64", возможна потеря данных
D:\Visual Studio 2022\VC\Tools\MSVC\14.35.32215\include\pbPlots.cpp(237,36): warning C4244: аргумент: преобразование "double" в "const unsigned __int64", возможна потеря данных
D:\Visual Studio 2022\VC\Tools\MSVC\14.35.32215\include\pbPlots.cpp(240,51): warning C4244: аргумент: преобразование "double" в "const unsigned __int64", возможна потеря данных
D:\Visual Studio 2022\VC\Tools\MSVC\14.35.32215\include\pbPlots.cpp(241,49): warning C4244: аргумент: преобразование "double" в "const unsigned __int64", возможна потеря данных
D:\Visual Studio 2022\VC\Tools\MSVC\14.35.32215\include\pbPlots.cpp(255,63): warning C4244: аргумент: преобразование "double" в "const unsigned __int64", возможна потеря данных
D:\Visual Studio 2022\VC\Tools\MSVC\14.35.32215\include\pbPlots.cpp(272,47): warning C4244: аргумент: преобразование "double" в "const unsigned __int64", возможна потеря данных
D:\Visual Studio 2022\VC\Tools\MSVC\14.35.32215\include\pbPlots.cpp(274,36): warning C4244: аргумент: преобразование "double" в "const unsigned __int64", возможна потеря данных
D:\Visual Studio 2022\VC\Tools\MSVC\14.35.32215\include\pbPlots.cpp(276,45): warning C4244: аргумент: преобразование "double" в "const unsigned __int64", возможна потеря данных
D:\Visual Studio 2022\VC\Tools\MSVC\14.35.32215\include\pbPlots.cpp(297,88): warning C4244: аргумент: преобразование "double" в "const unsigned __int64", возможна потеря данных
D:\Visual Studio 2022\VC\Tools\MSVC\14.35.32215\include\pbPlots.cpp(304,63): warning C4244: аргумент: преобразование "double" в "const unsigned __int64", возможна потеря данных
D:\Visual Studio 2022\VC\Tools\MSVC\14.35.32215\include\pbPlots.cpp(313,36): warning C4244: аргумент: преобразование "double" в "const unsigned __int64", возможна потеря данных
D:\Visual Studio 2022\VC\Tools\MSVC\14.35.32215\include\pbPlots.cpp(316,51): warning C4244: аргумент: преобразование "double" в "const unsigned __int64", возможна потеря данных
D:\Visual Studio 2022\VC\Tools\MSVC\14.35.32215\include\pbPlots.cpp(317,49): warning C4244: аргумент: преобразование "double" в "const unsigned __int64", возможна потеря данных
D:\Visual Studio 2022\VC\Tools\MSVC\14.35.32215\include\pbPlots.cpp(331,63): warning C4244: аргумент: преобразование "double" в "const unsigned __int64", возможна потеря данных
D:\Visual Studio 2022\VC\Tools\MSVC\14.35.32215\include\pbPlots.cpp(383,36): warning C4244: аргумент: преобразование "double" в "const unsigned __int64", возможна потеря данных
D:\Visual Studio 2022\VC\Tools\MSVC\14.35.32215\include\pbPlots.cpp(384,56): warning C4244: аргумент: преобразование "double" в "const unsigned __int64", возможна потеря данных
D:\Visual Studio 2022\VC\Tools\MSVC\14.35.32215\include\pbPlots.cpp(385,50): warning C4244: аргумент: преобразование "double" в "const unsigned __int64", возможна потеря данных
D:\Visual Studio 2022\VC\Tools\MSVC\14.35.32215\include\pbPlots.cpp(389,23): warning C4244: аргумент: преобразование "double" в "const unsigned __int64", возможна потеря данных
D:\Visual Studio 2022\VC\Tools\MSVC\14.35.32215\include\pbPlots.cpp(422,37): warning C4244: аргумент: преобразование "double" в "const unsigned __int64", возможна потеря данных
D:\Visual Studio 2022\VC\Tools\MSVC\14.35.32215\include\pbPlots.cpp(425,33): warning C4244: аргумент: преобразование "double" в "const unsigned __int64", возможна потеря данных
D:\Visual Studio 2022\VC\Tools\MSVC\14.35.32215\include\pbPlots.cpp(434,33): warning C4244: аргумент: преобразование "double" в "const unsigned __int64", возможна потеря данных
D:\Visual Studio 2022\VC\Tools\MSVC\14.35.32215\include\pbPlots.cpp(520,79): warning C4244: аргумент: преобразование "double" в "const unsigned __int64", возможна потеря данных
D:\Visual Studio 2022\VC\Tools\MSVC\14.35.32215\include\pbPlots.cpp(549,66): warning C4244: аргумент: преобразование "double" в "const unsigned __int64", возможна потеря данных
D:\Visual Studio 2022\VC\Tools\MSVC\14.35.32215\include\pbPlots.cpp(570,37): warning C4244: аргумент: преобразование "double" в "const unsigned __int64", возможна потеря данных
D:\Visual Studio 2022\VC\Tools\MSVC\14.35.32215\include\pbPlots.cpp(571,37): warning C4244: аргумент: преобразование "double" в "const unsigned __int64", возможна потеря данных
D:\Visual Studio 2022\VC\Tools\MSVC\14.35.32215\include\pbPlots.cpp(584,66): warning C4244: аргумент: преобразование "double" в "const unsigned __int64", возможна потеря данных
D:\Visual Studio 2022\VC\Tools\MSVC\14.35.32215\include\pbPlots.cpp(676,40): warning C4244: аргумент: преобразование "double" в "const unsigned __int64", возможна потеря данных
D:\Visual Studio 2022\VC\Tools\MSVC\14.35.32215\include\pbPlots.cpp(683,40): warning C4244: аргумент: преобразование "double" в "const unsigned __int64", возможна потеря данных
D:\Visual Studio 2022\VC\Tools\MSVC\14.35.32215\include\pbPlots.cpp(749,26): warning C4244: аргумент: преобразование "double" в "const unsigned __int64", возможна потеря данных
D:\Visual Studio 2022\VC\Tools\MSVC\14.35.32215\include\pbPlots.cpp(790,36): warning C4244: аргумент: преобразование "double" в "const unsigned __int64", возможна потеря данных
D:\Visual Studio 2022\VC\Tools\MSVC\14.35.32215\include\pbPlots.cpp(792,51): warning C4244: аргумент: преобразование "double" в "const unsigned __int64", возможна потеря данных
D:\Visual Studio 2022\VC\Tools\MSVC\14.35.32215\include\pbPlots.cpp(809,36): warning C4244: аргумент: преобразование "double" в "const unsigned __int64", возможна потеря данных
D:\Visual Studio 2022\VC\Tools\MSVC\14.35.32215\include\pbPlots.cpp(811,51): warning C4244: аргумент: преобразование "double" в "const unsigned __int64", возможна потеря данных
D:\Visual Studio 2022\VC\Tools\MSVC\14.35.32215\include\pbPlots.cpp(828,50): warning C4244: аргумент: преобразование "double" в "const unsigned __int64", возможна потеря данных
D:\Visual Studio 2022\VC\Tools\MSVC\14.35.32215\include\pbPlots.cpp(843,32): warning C4244: аргумент: преобразование "double" в "const unsigned __int64", возможна потеря данных
D:\Visual Studio 2022\VC\Tools\MSVC\14.35.32215\include\pbPlots.cpp(844,32): warning C4244: аргумент: преобразование "double" в "const unsigned __int64", возможна потеря данных
D:\Visual Studio 2022\VC\Tools\MSVC\14.35.32215\include\pbPlots.cpp(896,32): warning C4244: аргумент: преобразование "double" в "const unsigned __int64", возможна потеря данных
D:\Visual Studio 2022\VC\Tools\MSVC\14.35.32215\include\pbPlots.cpp(897,32): warning C4244: аргумент: преобразование "double" в "const unsigned __int64", возможна потеря данных
D:\Visual Studio 2022\VC\Tools\MSVC\14.35.32215\include\pbPlots.cpp(965,50): warning C4244: аргумент: преобразование "double" в "const unsigned __int64", возможна потеря данных
D:\Visual Studio 2022\VC\Tools\MSVC\14.35.32215\include\pbPlots.cpp(1011,50): warning C4244: аргумент: преобразование "double" в "const unsigned __int64", возможна потеря данных
D:\Visual Studio 2022\VC\Tools\MSVC\14.35.32215\include\pbPlots.cpp(1062,50): warning C4244: аргумент: преобразование "double" в "const unsigned __int64", возможна потеря данных
D:\Visual Studio 2022\VC\Tools\MSVC\14.35.32215\include\pbPlots.cpp(1141,58): warning C4244: аргумент: преобразование "double" в "const unsigned __int64", возможна потеря данных
D:\Visual Studio 2022\VC\Tools\MSVC\14.35.32215\include\pbPlots.cpp(1150,54): warning C4244: аргумент: преобразование "double" в "const unsigned __int64", возможна потеря данных
D:\Visual Studio 2022\VC\Tools\MSVC\14.35.32215\include\pbPlots.cpp(1167,37): warning C4244: аргумент: преобразование "double" в "const unsigned __int64", возможна потеря данных
D:\Visual Studio 2022\VC\Tools\MSVC\14.35.32215\include\pbPlots.cpp(1193,58): warning C4244: аргумент: преобразование "double" в "const unsigned __int64", возможна потеря данных
D:\Visual Studio 2022\VC\Tools\MSVC\14.35.32215\include\pbPlots.cpp(1227,43): warning C4244: =: преобразование "unsigned __int64" в "double", возможна потеря данных
D:\Visual Studio 2022\VC\Tools\MSVC\14.35.32215\include\pbPlots.cpp(1251,78): warning C4244: аргумент: преобразование "double" в "const unsigned __int64", возможна потеря данных
D:\Visual Studio 2022\VC\Tools\MSVC\14.35.32215\include\pbPlots.cpp(1252,78): warning C4244: аргумент: преобразование "double" в "const unsigned __int64", возможна потеря данных
D:\Visual Studio 2022\VC\Tools\MSVC\14.35.32215\include\pbPlots.cpp(1284,40): warning C4244: аргумент: преобразование "double" в "const unsigned __int64", возможна потеря данных
D:\Visual Studio 2022\VC\Tools\MSVC\14.35.32215\include\pbPlots.cpp(1299,26): warning C4244: аргумент: преобразование "double" в "const unsigned __int64", возможна потеря данных
D:\Visual Studio 2022\VC\Tools\MSVC\14.35.32215\include\pbPlots.cpp(1313,44): warning C4244: аргумент: преобразование "double" в "const unsigned __int64", возможна потеря данных
D:\Visual Studio 2022\VC\Tools\MSVC\14.35.32215\include\pbPlots.cpp(1316,36): warning C4244: аргумент: преобразование "double" в "const unsigned __int64", возможна потеря данных
D:\Visual Studio 2022\VC\Tools\MSVC\14.35.32215\include\pbPlots.cpp(1325,40): warning C4244: аргумент: преобразование "double" в "const unsigned __int64", возможна потеря данных
D:\Visual Studio 2022\VC\Tools\MSVC\14.35.32215\include\pbPlots.cpp(1329,54): warning C4244: =: преобразование "unsigned __int64" в "double", возможна потеря данных
D:\Visual Studio 2022\VC\Tools\MSVC\14.35.32215\include\pbPlots.cpp(1346,50): warning C4244: аргумент: преобразование "double" в "const unsigned __int64", возможна потеря данных
D:\Visual Studio 2022\VC\Tools\MSVC\14.35.32215\include\pbPlots.cpp(1348,33): warning C4244: аргумент: преобразование "double" в "const unsigned __int64", возможна потеря данных
D:\Visual Studio 2022\VC\Tools\MSVC\14.35.32215\include\pbPlots.cpp(1385,43): warning C4244: аргумент: преобразование "double" в "const unsigned __int64", возможна потеря данных
D:\Visual Studio 2022\VC\Tools\MSVC\14.35.32215\include\pbPlots.cpp(1388,60): warning C4244: аргумент: преобразование "double" в "const unsigned __int64", возможна потеря данных
D:\Visual Studio 2022\VC\Tools\MSVC\14.35.32215\include\pbPlots.cpp(1410,47): warning C4244: аргумент: преобразование "double" в "const unsigned __int64", возможна потеря данных
D:\Visual Studio 2022\VC\Tools\MSVC\14.35.32215\include\pbPlots.cpp(1438,46): warning C4244: аргумент: преобразование "double" в "const unsigned __int64", возможна потеря данных
D:\Visual Studio 2022\VC\Tools\MSVC\14.35.32215\include\pbPlots.cpp(1441,38): warning C4244: =: преобразование "unsigned __int64" в "double", возможна потеря данных
D:\Visual Studio 2022\VC\Tools\MSVC\14.35.32215\include\pbPlots.cpp(1499,42): warning C4244: аргумент: преобразование "double" в "const unsigned __int64", возможна потеря данных
D:\Visual Studio 2022\VC\Tools\MSVC\14.35.32215\include\pbPlots.cpp(1509,42): warning C4244: аргумент: преобразование "double" в "const unsigned __int64", возможна потеря данных
D:\Visual Studio 2022\VC\Tools\MSVC\14.35.32215\include\pbPlots.cpp(1538,33): warning C4244: аргумент: преобразование "unsigned __int64" в "double", возможна потеря данных
D:\Visual Studio 2022\VC\Tools\MSVC\14.35.32215\include\pbPlots.cpp(1542,33): warning C4244: аргумент: преобразование "unsigned __int64" в "double", возможна потеря данных
D:\Visual Studio 2022\VC\Tools\MSVC\14.35.32215\include\pbPlots.cpp(1546,33): warning C4244: аргумент: преобразование "unsigned __int64" в "double", возможна потеря данных
D:\Visual Studio 2022\VC\Tools\MSVC\14.35.32215\include\pbPlots.cpp(1550,33): warning C4244: аргумент: преобразование "unsigned __int64" в "double", возможна потеря данных
D:\Visual Studio 2022\VC\Tools\MSVC\14.35.32215\include\pbPlots.cpp(1554,33): warning C4244: аргумент: преобразование "unsigned __int64" в "double", возможна потеря данных
D:\Visual Studio 2022\VC\Tools\MSVC\14.35.32215\include\pbPlots.cpp(1558,33): warning C4244: аргумент: преобразование "unsigned __int64" в "double", возможна потеря данных
D:\Visual Studio 2022\VC\Tools\MSVC\14.35.32215\include\pbPlots.cpp(1562,33): warning C4244: аргумент: преобразование "unsigned __int64" в "double", возможна потеря данных
D:\Visual Studio 2022\VC\Tools\MSVC\14.35.32215\include\pbPlots.cpp(1566,33): warning C4244: аргумент: преобразование "unsigned __int64" в "double", возможна потеря данных
D:\Visual Studio 2022\VC\Tools\MSVC\14.35.32215\include\pbPlots.cpp(1570,33): warning C4244: аргумент: преобразование "unsigned __int64" в "double", возможна потеря данных
D:\Visual Studio 2022\VC\Tools\MSVC\14.35.32215\include\pbPlots.cpp(1572,29): warning C4244: аргумент: преобразование "double" в "const unsigned __int64", возможна потеря данных
D:\Visual Studio 2022\VC\Tools\MSVC\14.35.32215\include\pbPlots.cpp(1578,29): warning C4244: аргумент: преобразование "double" в "const unsigned __int64", возможна потеря данных
D:\Visual Studio 2022\VC\Tools\MSVC\14.35.32215\include\pbPlots.cpp(1613,37): warning C4244: аргумент: преобразование "double" в "const unsigned __int64", возможна потеря данных
D:\Visual Studio 2022\VC\Tools\MSVC\14.35.32215\include\pbPlots.cpp(1619,37): warning C4244: аргумент: преобразование "double" в "const unsigned __int64", возможна потеря данных
D:\Visual Studio 2022\VC\Tools\MSVC\14.35.32215\include\pbPlots.cpp(1638,66): warning C4244: аргумент: преобразование "double" в "const unsigned __int64", возможна потеря данных
D:\Visual Studio 2022\VC\Tools\MSVC\14.35.32215\include\pbPlots.cpp(1674,29): warning C4244: аргумент: преобразование "double" в "const unsigned __int64", возможна потеря данных
D:\Visual Studio 2022\VC\Tools\MSVC\14.35.32215\include\pbPlots.cpp(1675,29): warning C4244: аргумент: преобразование "double" в "const unsigned __int64", возможна потеря данных
D:\Visual Studio 2022\VC\Tools\MSVC\14.35.32215\include\pbPlots.cpp(1676,30): warning C4244: аргумент: преобразование "double" в "const unsigned __int64", возможна потеря данных
D:\Visual Studio 2022\VC\Tools\MSVC\14.35.32215\include\pbPlots.cpp(1677,30): warning C4244: аргумент: преобразование "double" в "const unsigned __int64", возможна потеря данных
D:\Visual Studio 2022\VC\Tools\MSVC\14.35.32215\include\pbPlots.cpp(1684,16): warning C4244: аргумент: преобразование "double" в "const unsigned __int64", возможна потеря данных
D:\Visual Studio 2022\VC\Tools\MSVC\14.35.32215\include\pbPlots.cpp(1685,16): warning C4244: аргумент: преобразование "double" в "const unsigned __int64", возможна потеря данных
D:\Visual Studio 2022\VC\Tools\MSVC\14.35.32215\include\pbPlots.cpp(1689,17): warning C4244: аргумент: преобразование "double" в "const unsigned __int64", возможна потеря данных
D:\Visual Studio 2022\VC\Tools\MSVC\14.35.32215\include\pbPlots.cpp(1690,17): warning C4244: аргумент: преобразование "double" в "const unsigned __int64", возможна потеря данных
D:\Visual Studio 2022\VC\Tools\MSVC\14.35.32215\include\pbPlots.cpp(1695,66): warning C4244: аргумент: преобразование "double" в "const unsigned __int64", возможна потеря данных
D:\Visual Studio 2022\VC\Tools\MSVC\14.35.32215\include\pbPlots.cpp(1752,66): warning C4244: аргумент: преобразование "double" в "const unsigned __int64", возможна потеря данных
D:\Visual Studio 2022\VC\Tools\MSVC\14.35.32215\include\pbPlots.cpp(1761,30): warning C4244: аргумент: преобразование "double" в "const unsigned __int64", возможна потеря данных
D:\Visual Studio 2022\VC\Tools\MSVC\14.35.32215\include\pbPlots.cpp(1762,30): warning C4244: аргумент: преобразование "double" в "const unsigned __int64", возможна потеря данных
D:\Visual Studio 2022\VC\Tools\MSVC\14.35.32215\include\pbPlots.cpp(1816,54): warning C4244: аргумент: преобразование "double" в "const unsigned __int64", возможна потеря данных
D:\Visual Studio 2022\VC\Tools\MSVC\14.35.32215\include\pbPlots.cpp(1825,58): warning C4244: аргумент: преобразование "double" в "const unsigned __int64", возможна потеря данных
D:\Visual Studio 2022\VC\Tools\MSVC\14.35.32215\include\pbPlots.cpp(1894,40): warning C4244: аргумент: преобразование "double" в "const unsigned __int64", возможна потеря данных
D:\Visual Studio 2022\VC\Tools\MSVC\14.35.32215\include\pbPlots.cpp(1896,22): warning C4244: аргумент: преобразование "double" в "const unsigned __int64", возможна потеря данных
D:\Visual Studio 2022\VC\Tools\MSVC\14.35.32215\include\pbPlots.cpp(1897,22): warning C4244: аргумент: преобразование "double" в "const unsigned __int64", возможна потеря данных
D:\Visual Studio 2022\VC\Tools\MSVC\14.35.32215\include\pbPlots.cpp(1897,48): warning C4244: аргумент: преобразование "double" в "const unsigned __int64", возможна потеря данных
D:\Visual Studio 2022\VC\Tools\MSVC\14.35.32215\include\pbPlots.cpp(1899,26): warning C4244: аргумент: преобразование "double" в "const unsigned __int64", возможна потеря данных
D:\Visual Studio 2022\VC\Tools\MSVC\14.35.32215\include\pbPlots.cpp(1899,36): warning C4244: аргумент: преобразование "double" в "const unsigned __int64", возможна потеря данных
D:\Visual Studio 2022\VC\Tools\MSVC\14.35.32215\include\pbPlots.cpp(1914,33): warning C4244: аргумент: преобразование "double" в "const unsigned __int64", возможна потеря данных
D:\Visual Studio 2022\VC\Tools\MSVC\14.35.32215\include\pbPlots.cpp(1914,43): warning C4244: аргумент: преобразование "double" в "const unsigned __int64", возможна потеря данных
D:\Visual Studio 2022\VC\Tools\MSVC\14.35.32215\include\pbPlots.cpp(1916,29): warning C4244: аргумент: преобразование "double" в "const unsigned __int64", возможна потеря данных
D:\Visual Studio 2022\VC\Tools\MSVC\14.35.32215\include\pbPlots.cpp(1921,26): warning C4244: return: преобразование "unsigned __int64" в "double", возможна потеря данных
D:\Visual Studio 2022\VC\Tools\MSVC\14.35.32215\include\pbPlots.cpp(1930,42): warning C4244: =: преобразование "unsigned __int64" в "double", возможна потеря данных
D:\Visual Studio 2022\VC\Tools\MSVC\14.35.32215\include\pbPlots.cpp(1937,22): warning C4244: аргумент: преобразование "double" в "const unsigned __int64", возможна потеря данных
D:\Visual Studio 2022\VC\Tools\MSVC\14.35.32215\include\pbPlots.cpp(1937,32): warning C4244: аргумент: преобразование "double" в "const unsigned __int64", возможна потеря данных
D:\Visual Studio 2022\VC\Tools\MSVC\14.35.32215\include\pbPlots.cpp(1938,22): warning C4244: аргумент: преобразование "double" в "const unsigned __int64", возможна потеря данных
D:\Visual Studio 2022\VC\Tools\MSVC\14.35.32215\include\pbPlots.cpp(1938,32): warning C4244: аргумент: преобразование "double" в "const unsigned __int64", возможна потеря данных
D:\Visual Studio 2022\VC\Tools\MSVC\14.35.32215\include\pbPlots.cpp(1939,22): warning C4244: аргумент: преобразование "double" в "const unsigned __int64", возможна потеря данных
D:\Visual Studio 2022\VC\Tools\MSVC\14.35.32215\include\pbPlots.cpp(1939,32): warning C4244: аргумент: преобразование "double" в "const unsigned __int64", возможна потеря данных
D:\Visual Studio 2022\VC\Tools\MSVC\14.35.32215\include\pbPlots.cpp(1940,22): warning C4244: аргумент: преобразование "double" в "const unsigned __int64", возможна потеря данных
D:\Visual Studio 2022\VC\Tools\MSVC\14.35.32215\include\pbPlots.cpp(1940,32): warning C4244: аргумент: преобразование "double" в "const unsigned __int64", возможна потеря данных
D:\Visual Studio 2022\VC\Tools\MSVC\14.35.32215\include\pbPlots.cpp(1954,27): warning C4244: аргумент: преобразование "double" в "const unsigned __int64", возможна потеря данных
D:\Visual Studio 2022\VC\Tools\MSVC\14.35.32215\include\pbPlots.cpp(1954,37): warning C4244: аргумент: преобразование "double" в "const unsigned __int64", возможна потеря данных
D:\Visual Studio 2022\VC\Tools\MSVC\14.35.32215\include\pbPlots.cpp(1955,27): warning C4244: аргумент: преобразование "double" в "const unsigned __int64", возможна потеря данных
D:\Visual Studio 2022\VC\Tools\MSVC\14.35.32215\include\pbPlots.cpp(1955,37): warning C4244: аргумент: преобразование "double" в "const unsigned __int64", возможна потеря данных
D:\Visual Studio 2022\VC\Tools\MSVC\14.35.32215\include\pbPlots.cpp(1956,27): warning C4244: аргумент: преобразование "double" в "const unsigned __int64", возможна потеря данных
D:\Visual Studio 2022\VC\Tools\MSVC\14.35.32215\include\pbPlots.cpp(1956,37): warning C4244: аргумент: преобразование "double" в "const unsigned __int64", возможна потеря данных
D:\Visual Studio 2022\VC\Tools\MSVC\14.35.32215\include\pbPlots.cpp(1957,27): warning C4244: аргумент: преобразование "double" в "const unsigned __int64", возможна потеря данных
D:\Visual Studio 2022\VC\Tools\MSVC\14.35.32215\include\pbPlots.cpp(1957,37): warning C4244: аргумент: преобразование "double" в "const unsigned __int64", возможна потеря данных
D:\Visual Studio 2022\VC\Tools\MSVC\14.35.32215\include\pbPlots.cpp(1965,22): warning C4244: аргумент: преобразование "double" в "const unsigned __int64", возможна потеря данных
D:\Visual Studio 2022\VC\Tools\MSVC\14.35.32215\include\pbPlots.cpp(1965,32): warning C4244: аргумент: преобразование "double" в "const unsigned __int64", возможна потеря данных
D:\Visual Studio 2022\VC\Tools\MSVC\14.35.32215\include\pbPlots.cpp(1966,22): warning C4244: аргумент: преобразование "double" в "const unsigned __int64", возможна потеря данных
D:\Visual Studio 2022\VC\Tools\MSVC\14.35.32215\include\pbPlots.cpp(1966,32): warning C4244: аргумент: преобразование "double" в "const unsigned __int64", возможна потеря данных
D:\Visual Studio 2022\VC\Tools\MSVC\14.35.32215\include\pbPlots.cpp(1967,22): warning C4244: аргумент: преобразование "double" в "const unsigned __int64", возможна потеря данных
D:\Visual Studio 2022\VC\Tools\MSVC\14.35.32215\include\pbPlots.cpp(1967,32): warning C4244: аргумент: преобразование "double" в "const unsigned __int64", возможна потеря данных
D:\Visual Studio 2022\VC\Tools\MSVC\14.35.32215\include\pbPlots.cpp(1968,22): warning C4244: аргумент: преобразование "double" в "const unsigned __int64", возможна потеря данных
D:\Visual Studio 2022\VC\Tools\MSVC\14.35.32215\include\pbPlots.cpp(1968,32): warning C4244: аргумент: преобразование "double" в "const unsigned __int64", возможна потеря данных
D:\Visual Studio 2022\VC\Tools\MSVC\14.35.32215\include\pbPlots.cpp(2003,63): warning C4244: аргумент: преобразование "double" в "const unsigned __int64", возможна потеря данных
D:\Visual Studio 2022\VC\Tools\MSVC\14.35.32215\include\pbPlots.cpp(2003,73): warning C4244: аргумент: преобразование "double" в "const unsigned __int64", возможна потеря данных
D:\Visual Studio 2022\VC\Tools\MSVC\14.35.32215\include\pbPlots.cpp(2173,47): warning C4244: аргумент: преобразование "double" в "const unsigned __int64", возможна потеря данных
D:\Visual Studio 2022\VC\Tools\MSVC\14.35.32215\include\pbPlots.cpp(2173,57): warning C4244: аргумент: преобразование "double" в "const unsigned __int64", возможна потеря данных
D:\Visual Studio 2022\VC\Tools\MSVC\14.35.32215\include\pbPlots.cpp(2180,25): warning C4244: аргумент: преобразование "double" в "const unsigned __int64", возможна потеря данных
D:\Visual Studio 2022\VC\Tools\MSVC\14.35.32215\include\pbPlots.cpp(2180,35): warning C4244: аргумент: преобразование "double" в "const unsigned __int64", возможна потеря данных
D:\Visual Studio 2022\VC\Tools\MSVC\14.35.32215\include\pbPlots.cpp(2189,29): warning C4244: аргумент: преобразование "double" в "const unsigned __int64", возможна потеря данных
D:\Visual Studio 2022\VC\Tools\MSVC\14.35.32215\include\pbPlots.cpp(2189,39): warning C4244: аргумент: преобразование "double" в "const unsigned __int64", возможна потеря данных
D:\Visual Studio 2022\VC\Tools\MSVC\14.35.32215\include\pbPlots.cpp(2190,51): warning C4244: аргумент: преобразование "double" в "const unsigned __int64", возможна потеря данных
D:\Visual Studio 2022\VC\Tools\MSVC\14.35.32215\include\pbPlots.cpp(2190,63): warning C4244: аргумент: преобразование "double" в "const unsigned __int64", возможна потеря данных
D:\Visual Studio 2022\VC\Tools\MSVC\14.35.32215\include\pbPlots.cpp(2531,26): warning C4244: аргумент: преобразование "double" в "unsigned __int64", возможна потеря данных
D:\Visual Studio 2022\VC\Tools\MSVC\14.35.32215\include\pbPlots.cpp(2558,30): warning C4244: аргумент: преобразование "double" в "unsigned __int64", возможна потеря данных
D:\Visual Studio 2022\VC\Tools\MSVC\14.35.32215\include\pbPlots.cpp(2575,32): warning C4244: аргумент: преобразование "double" в "unsigned __int64", возможна потеря данных
D:\Visual Studio 2022\VC\Tools\MSVC\14.35.32215\include\pbPlots.cpp(2602,32): warning C4244: аргумент: преобразование "double" в "unsigned __int64", возможна потеря данных
D:\Visual Studio 2022\VC\Tools\MSVC\14.35.32215\include\pbPlots.cpp(2623,32): warning C4244: аргумент: преобразование "double" в "unsigned __int64", возможна потеря данных
D:\Visual Studio 2022\VC\Tools\MSVC\14.35.32215\include\pbPlots.cpp(2644,32): warning C4244: аргумент: преобразование "double" в "unsigned __int64", возможна потеря данных
D:\Visual Studio 2022\VC\Tools\MSVC\14.35.32215\include\pbPlots.cpp(2656,32): warning C4244: аргумент: преобразование "double" в "unsigned __int64", возможна потеря данных
D:\Visual Studio 2022\VC\Tools\MSVC\14.35.32215\include\pbPlots.cpp(2692,21): warning C4244: =: преобразование "unsigned __int64" в "double", возможна потеря данных
D:\Visual Studio 2022\VC\Tools\MSVC\14.35.32215\include\pbPlots.cpp(2693,31): warning C4244: =: преобразование "unsigned __int64" в "double", возможна потеря данных
D:\Visual Studio 2022\VC\Tools\MSVC\14.35.32215\include\pbPlots.cpp(2717,32): warning C4244: аргумент: преобразование "double" в "const unsigned __int64", возможна потеря данных
D:\Visual Studio 2022\VC\Tools\MSVC\14.35.32215\include\pbPlots.cpp(2717,42): warning C4244: аргумент: преобразование "double" в "const unsigned __int64", возможна потеря данных
D:\Visual Studio 2022\VC\Tools\MSVC\14.35.32215\include\pbPlots.cpp(2719,48): warning C4244: аргумент: преобразование "double" в "const unsigned __int64", возможна потеря данных
D:\Visual Studio 2022\VC\Tools\MSVC\14.35.32215\include\pbPlots.cpp(2719,58): warning C4244: аргумент: преобразование "double" в "const unsigned __int64", возможна потеря данных
D:\Visual Studio 2022\VC\Tools\MSVC\14.35.32215\include\pbPlots.cpp(2720,48): warning C4244: аргумент: преобразование "double" в "const unsigned __int64", возможна потеря данных
D:\Visual Studio 2022\VC\Tools\MSVC\14.35.32215\include\pbPlots.cpp(2720,58): warning C4244: аргумент: преобразование "double" в "const unsigned __int64", возможна потеря данных
D:\Visual Studio 2022\VC\Tools\MSVC\14.35.32215\include\pbPlots.cpp(2721,48): warning C4244: аргумент: преобразование "double" в "const unsigned __int64", возможна потеря данных
D:\Visual Studio 2022\VC\Tools\MSVC\14.35.32215\include\pbPlots.cpp(2721,58): warning C4244: аргумент: преобразование "double" в "const unsigned __int64", возможна потеря данных
D:\Visual Studio 2022\VC\Tools\MSVC\14.35.32215\include\pbPlots.cpp(2764,34): warning C4244: аргумент: преобразование "double" в "const unsigned __int64", возможна потеря данных
D:\Visual Studio 2022\VC\Tools\MSVC\14.35.32215\include\pbPlots.cpp(2836,49): warning C4244: =: преобразование "unsigned __int64" в "double", возможна потеря данных
D:\Visual Studio 2022\VC\Tools\MSVC\14.35.32215\include\pbPlots.cpp(2850,49): warning C4244: =: преобразование "unsigned __int64" в "double", возможна потеря данных
D:\Visual Studio 2022\VC\Tools\MSVC\14.35.32215\include\pbPlots.cpp(2895,42): warning C4244: аргумент: преобразование "double" в "const unsigned __int64", возможна потеря данных
D:\Visual Studio 2022\VC\Tools\MSVC\14.35.32215\include\pbPlots.cpp(3000,62): warning C4244: аргумент: преобразование "double" в "const unsigned __int64", возможна потеря данных
D:\Visual Studio 2022\VC\Tools\MSVC\14.35.32215\include\pbPlots.cpp(3064,53): warning C4244: аргумент: преобразование "double" в "const unsigned __int64", возможна потеря данных
D:\Visual Studio 2022\VC\Tools\MSVC\14.35.32215\include\pbPlots.cpp(3070,28): warning C4244: аргумент: преобразование "double" в "const unsigned __int64", возможна потеря данных
D:\Visual Studio 2022\VC\Tools\MSVC\14.35.32215\include\pbPlots.cpp(3078,51): warning C4244: аргумент: преобразование "double" в "const unsigned __int64", возможна потеря данных
D:\Visual Studio 2022\VC\Tools\MSVC\14.35.32215\include\pbPlots.cpp(3103,19): warning C4244: аргумент: преобразование "double" в "const unsigned __int64", возможна потеря данных
D:\Visual Studio 2022\VC\Tools\MSVC\14.35.32215\include\pbPlots.cpp(3107,24): warning C4244: аргумент: преобразование "double" в "const unsigned __int64", возможна потеря данных
D:\Visual Studio 2022\VC\Tools\MSVC\14.35.32215\include\pbPlots.cpp(3128,54): warning C4244: аргумент: преобразование "double" в "const unsigned __int64", возможна потеря данных
D:\Visual Studio 2022\VC\Tools\MSVC\14.35.32215\include\pbPlots.cpp(3137,55): warning C4244: аргумент: преобразование "double" в "const unsigned __int64", возможна потеря данных
D:\Visual Studio 2022\VC\Tools\MSVC\14.35.32215\include\pbPlots.cpp(3140,42): warning C4244: аргумент: преобразование "double" в "const unsigned __int64", возможна потеря данных
D:\Visual Studio 2022\VC\Tools\MSVC\14.35.32215\include\pbPlots.cpp(3140,91): warning C4244: аргумент: преобразование "double" в "const unsigned __int64", возможна потеря данных
D:\Visual Studio 2022\VC\Tools\MSVC\14.35.32215\include\pbPlots.cpp(3149,58): warning C4244: аргумент: преобразование "double" в "const unsigned __int64", возможна потеря данных
D:\Visual Studio 2022\VC\Tools\MSVC\14.35.32215\include\pbPlots.cpp(3150,56): warning C4244: аргумент: преобразование "double" в "const unsigned __int64", возможна потеря данных
D:\Visual Studio 2022\VC\Tools\MSVC\14.35.32215\include\pbPlots.cpp(3165,15): warning C4244: аргумент: преобразование "double" в "const unsigned __int64", возможна потеря данных
D:\Visual Studio 2022\VC\Tools\MSVC\14.35.32215\include\pbPlots.cpp(3172,62): warning C4244: аргумент: преобразование "double" в "const unsigned __int64", возможна потеря данных
D:\Visual Studio 2022\VC\Tools\MSVC\14.35.32215\include\pbPlots.cpp(3181,62): warning C4244: аргумент: преобразование "double" в "const unsigned __int64", возможна потеря данных
D:\Visual Studio 2022\VC\Tools\MSVC\14.35.32215\include\pbPlots.cpp(3184,49): warning C4244: аргумент: преобразование "double" в "const unsigned __int64", возможна потеря данных
D:\Visual Studio 2022\VC\Tools\MSVC\14.35.32215\include\pbPlots.cpp(3184,98): warning C4244: аргумент: преобразование "double" в "const unsigned __int64", возможна потеря данных
D:\Visual Studio 2022\VC\Tools\MSVC\14.35.32215\include\pbPlots.cpp(3193,64): warning C4244: аргумент: преобразование "double" в "const unsigned __int64", возможна потеря данных
D:\Visual Studio 2022\VC\Tools\MSVC\14.35.32215\include\pbPlots.cpp(3207,37): warning C4244: аргумент: преобразование "double" в "const unsigned __int64", возможна потеря данных
D:\Visual Studio 2022\VC\Tools\MSVC\14.35.32215\include\pbPlots.cpp(3207,56): warning C4244: аргумент: преобразование "double" в "const unsigned __int64", возможна потеря данных
D:\Visual Studio 2022\VC\Tools\MSVC\14.35.32215\include\pbPlots.cpp(3210,58): warning C4244: аргумент: преобразование "double" в "const unsigned __int64", возможна потеря данных
D:\Visual Studio 2022\VC\Tools\MSVC\14.35.32215\include\pbPlots.cpp(3228,32): warning C4244: аргумент: преобразование "double" в "const unsigned __int64", возможна потеря данных
D:\Visual Studio 2022\VC\Tools\MSVC\14.35.32215\include\pbPlots.cpp(3228,51): warning C4244: аргумент: преобразование "double" в "const unsigned __int64", возможна потеря данных
D:\Visual Studio 2022\VC\Tools\MSVC\14.35.32215\include\pbPlots.cpp(3232,23): warning C4244: аргумент: преобразование "double" в "const unsigned __int64", возможна потеря данных
D:\Visual Studio 2022\VC\Tools\MSVC\14.35.32215\include\pbPlots.cpp(3236,28): warning C4244: аргумент: преобразование "double" в "const unsigned __int64", возможна потеря данных
D:\Visual Studio 2022\VC\Tools\MSVC\14.35.32215\include\pbPlots.cpp(3245,66): warning C4244: аргумент: преобразование "double" в "const unsigned __int64", возможна потеря данных
D:\Visual Studio 2022\VC\Tools\MSVC\14.35.32215\include\pbPlots.cpp(3254,64): warning C4244: аргумент: преобразование "double" в "const unsigned __int64", возможна потеря данных
D:\Visual Studio 2022\VC\Tools\MSVC\14.35.32215\include\pbPlots.cpp(3257,51): warning C4244: аргумент: преобразование "double" в "const unsigned __int64", возможна потеря данных
D:\Visual Studio 2022\VC\Tools\MSVC\14.35.32215\include\pbPlots.cpp(3257,100): warning C4244: аргумент: преобразование "double" в "const unsigned __int64", возможна потеря данных
D:\Visual Studio 2022\VC\Tools\MSVC\14.35.32215\include\pbPlots.cpp(3301,29): warning C4244: аргумент: преобразование "double" в "const unsigned __int64", возможна потеря данных
D:\Visual Studio 2022\VC\Tools\MSVC\14.35.32215\include\pbPlots.cpp(3317,29): warning C4244: аргумент: преобразование "double" в "const unsigned __int64", возможна потеря данных
D:\Visual Studio 2022\VC\Tools\MSVC\14.35.32215\include\pbPlots.cpp(3356,42): warning C4244: аргумент: преобразование "double" в "const unsigned __int64", возможна потеря данных
D:\Visual Studio 2022\VC\Tools\MSVC\14.35.32215\include\pbPlots.cpp(3359,21): warning C4244: аргумент: преобразование "double" в "const unsigned __int64", возможна потеря данных
D:\Visual Studio 2022\VC\Tools\MSVC\14.35.32215\include\pbPlots.cpp(3361,47): warning C4244: аргумент: преобразование "double" в "const unsigned __int64", возможна потеря данных
D:\Visual Studio 2022\VC\Tools\MSVC\14.35.32215\include\pbPlots.cpp(3614,28): warning C4244: аргумент: преобразование "double" в "const unsigned __int64", возможна потеря данных
D:\Visual Studio 2022\VC\Tools\MSVC\14.35.32215\include\pbPlots.cpp(3631,27): warning C4244: аргумент: преобразование "double" в "const unsigned __int64", возможна потеря данных
D:\Visual Studio 2022\VC\Tools\MSVC\14.35.32215\include\pbPlots.cpp(3767,30): warning C4244: аргумент: преобразование "double" в "const unsigned __int64", возможна потеря данных
D:\Visual Studio 2022\VC\Tools\MSVC\14.35.32215\include\pbPlots.cpp(3770,15): warning C4244: аргумент: преобразование "double" в "const unsigned __int64", возможна потеря данных
D:\Visual Studio 2022\VC\Tools\MSVC\14.35.32215\include\pbPlots.cpp(3772,21): warning C4244: аргумент: преобразование "double" в "const unsigned __int64", возможна потеря данных
D:\Visual Studio 2022\VC\Tools\MSVC\14.35.32215\include\pbPlots.cpp(3772,43): warning C4244: аргумент: преобразование "double" в "const unsigned __int64", возможна потеря данных
D:\Visual Studio 2022\VC\Tools\MSVC\14.35.32215\include\pbPlots.cpp(3772,58): warning C4244: аргумент: преобразование "double" в "const unsigned __int64", возможна потеря данных
D:\Visual Studio 2022\VC\Tools\MSVC\14.35.32215\include\pbPlots.cpp(3789,19): warning C4244: аргумент: преобразование "double" в "const unsigned __int64", возможна потеря данных
D:\Visual Studio 2022\VC\Tools\MSVC\14.35.32215\include\pbPlots.cpp(3789,35): warning C4244: аргумент: преобразование "double" в "const unsigned __int64", возможна потеря данных
D:\Visual Studio 2022\VC\Tools\MSVC\14.35.32215\include\pbPlots.cpp(3800,20): warning C4244: аргумент: преобразование "double" в "const unsigned __int64", возможна потеря данных
D:\Visual Studio 2022\VC\Tools\MSVC\14.35.32215\include\pbPlots.cpp(3800,35): warning C4244: аргумент: преобразование "double" в "const unsigned __int64", возможна потеря данных
D:\Visual Studio 2022\VC\Tools\MSVC\14.35.32215\include\pbPlots.cpp(3800,34): warning C4244: =: преобразование "_Ty" в "_Ty", возможна потеря данных
          with
          [
              _Ty=double
          ]
          and
          [
              _Ty=wchar_t
          ]
D:\Visual Studio 2022\VC\Tools\MSVC\14.35.32215\include\pbPlots.cpp(3811,23): warning C4244: аргумент: преобразование "double" в "const unsigned __int64", возможна потеря данных
D:\Visual Studio 2022\VC\Tools\MSVC\14.35.32215\include\pbPlots.cpp(3811,35): warning C4244: аргумент: преобразование "double" в "const unsigned __int64", возможна потеря данных
D:\Visual Studio 2022\VC\Tools\MSVC\14.35.32215\include\pbPlots.cpp(3829,23): warning C4244: аргумент: преобразование "double" в "unsigned __int64", возможна потеря данных
D:\Visual Studio 2022\VC\Tools\MSVC\14.35.32215\include\pbPlots.cpp(3829,35): warning C4244: аргумент: преобразование "double" в "unsigned __int64", возможна потеря данных
D:\Visual Studio 2022\VC\Tools\MSVC\14.35.32215\include\pbPlots.cpp(3847,23): warning C4244: аргумент: преобразование "double" в "const unsigned __int64", возможна потеря данных
D:\Visual Studio 2022\VC\Tools\MSVC\14.35.32215\include\pbPlots.cpp(3847,35): warning C4244: аргумент: преобразование "double" в "const unsigned __int64", возможна потеря данных
D:\Visual Studio 2022\VC\Tools\MSVC\14.35.32215\include\pbPlots.cpp(3862,15): warning C4244: аргумент: преобразование "double" в "const unsigned __int64", возможна потеря данных
D:\Visual Studio 2022\VC\Tools\MSVC\14.35.32215\include\pbPlots.cpp(3869,15): warning C4244: аргумент: преобразование "double" в "const unsigned __int64", возможна потеря данных
D:\Visual Studio 2022\VC\Tools\MSVC\14.35.32215\include\pbPlots.cpp(3876,15): warning C4244: аргумент: преобразование "double" в "unsigned __int64", возможна потеря данных
D:\Visual Studio 2022\VC\Tools\MSVC\14.35.32215\include\pbPlots.cpp(3886,24): warning C4244: аргумент: преобразование "double" в "const unsigned __int64", возможна потеря данных
D:\Visual Studio 2022\VC\Tools\MSVC\14.35.32215\include\pbPlots.cpp(3904,24): warning C4244: аргумент: преобразование "double" в "unsigned __int64", возможна потеря данных
D:\Visual Studio 2022\VC\Tools\MSVC\14.35.32215\include\pbPlots.cpp(3922,24): warning C4244: аргумент: преобразование "double" в "const unsigned __int64", возможна потеря данных
D:\Visual Studio 2022\VC\Tools\MSVC\14.35.32215\include\pbPlots.cpp(3940,15): warning C4244: аргумент: преобразование "double" в "const unsigned __int64", возможна потеря данных
D:\Visual Studio 2022\VC\Tools\MSVC\14.35.32215\include\pbPlots.cpp(3940,26): warning C4244: аргумент: преобразование "double" в "const unsigned __int64", возможна потеря данных
D:\Visual Studio 2022\VC\Tools\MSVC\14.35.32215\include\pbPlots.cpp(3952,15): warning C4244: аргумент: преобразование "double" в "unsigned __int64", возможна потеря данных
D:\Visual Studio 2022\VC\Tools\MSVC\14.35.32215\include\pbPlots.cpp(3952,26): warning C4244: аргумент: преобразование "double" в "unsigned __int64", возможна потеря данных
D:\Visual Studio 2022\VC\Tools\MSVC\14.35.32215\include\pbPlots.cpp(3964,15): warning C4244: аргумент: преобразование "double" в "const unsigned __int64", возможна потеря данных
D:\Visual Studio 2022\VC\Tools\MSVC\14.35.32215\include\pbPlots.cpp(3964,26): warning C4244: аргумент: преобразование "double" в "const unsigned __int64", возможна потеря данных
D:\Visual Studio 2022\VC\Tools\MSVC\14.35.32215\include\pbPlots.cpp(3976,32): warning C4244: аргумент: преобразование "double" в "const unsigned __int64", возможна потеря данных
D:\Visual Studio 2022\VC\Tools\MSVC\14.35.32215\include\pbPlots.cpp(3979,19): warning C4244: аргумент: преобразование "double" в "const unsigned __int64", возможна потеря данных
D:\Visual Studio 2022\VC\Tools\MSVC\14.35.32215\include\pbPlots.cpp(3979,35): warning C4244: аргумент: преобразование "double" в "const unsigned __int64", возможна потеря данных
D:\Visual Studio 2022\VC\Tools\MSVC\14.35.32215\include\pbPlots.cpp(3998,30): warning C4244: аргумент: преобразование "double" в "unsigned __int64", возможна потеря данных
D:\Visual Studio 2022\VC\Tools\MSVC\14.35.32215\include\pbPlots.cpp(4001,19): warning C4244: аргумент: преобразование "double" в "unsigned __int64", возможна потеря данных
D:\Visual Studio 2022\VC\Tools\MSVC\14.35.32215\include\pbPlots.cpp(4001,35): warning C4244: аргумент: преобразование "double" в "unsigned __int64", возможна потеря данных
D:\Visual Studio 2022\VC\Tools\MSVC\14.35.32215\include\pbPlots.cpp(4020,33): warning C4244: аргумент: преобразование "double" в "const unsigned __int64", возможна потеря данных
D:\Visual Studio 2022\VC\Tools\MSVC\14.35.32215\include\pbPlots.cpp(4023,19): warning C4244: аргумент: преобразование "double" в "const unsigned __int64", возможна потеря данных
D:\Visual Studio 2022\VC\Tools\MSVC\14.35.32215\include\pbPlots.cpp(4023,35): warning C4244: аргумент: преобразование "double" в "const unsigned __int64", возможна потеря данных
D:\Visual Studio 2022\VC\Tools\MSVC\14.35.32215\include\pbPlots.cpp(4041,32): warning C4244: аргумент: преобразование "double" в "const unsigned __int64", возможна потеря данных
D:\Visual Studio 2022\VC\Tools\MSVC\14.35.32215\include\pbPlots.cpp(4049,30): warning C4244: аргумент: преобразование "double" в "unsigned __int64", возможна потеря данных
D:\Visual Studio 2022\VC\Tools\MSVC\14.35.32215\include\pbPlots.cpp(4057,33): warning C4244: аргумент: преобразование "double" в "const unsigned __int64", возможна потеря данных
D:\Visual Studio 2022\VC\Tools\MSVC\14.35.32215\include\pbPlots.cpp(4065,17): warning C4244: аргумент: преобразование "double" в "const unsigned __int64", возможна потеря данных
D:\Visual Studio 2022\VC\Tools\MSVC\14.35.32215\include\pbPlots.cpp(4066,11): warning C4244: аргумент: преобразование "double" в "const unsigned __int64", возможна потеря данных
D:\Visual Studio 2022\VC\Tools\MSVC\14.35.32215\include\pbPlots.cpp(4066,23): warning C4244: аргумент: преобразование "double" в "const unsigned __int64", возможна потеря данных
D:\Visual Studio 2022\VC\Tools\MSVC\14.35.32215\include\pbPlots.cpp(4067,11): warning C4244: аргумент: преобразование "double" в "const unsigned __int64", возможна потеря данных
D:\Visual Studio 2022\VC\Tools\MSVC\14.35.32215\include\pbPlots.cpp(4072,30): warning C4244: аргумент: преобразование "double" в "const unsigned __int64", возможна потеря данных
D:\Visual Studio 2022\VC\Tools\MSVC\14.35.32215\include\pbPlots.cpp(4073,24): warning C4244: аргумент: преобразование "double" в "const unsigned __int64", возможна потеря данных
D:\Visual Studio 2022\VC\Tools\MSVC\14.35.32215\include\pbPlots.cpp(4073,49): warning C4244: аргумент: преобразование "double" в "const unsigned __int64", возможна потеря данных
D:\Visual Studio 2022\VC\Tools\MSVC\14.35.32215\include\pbPlots.cpp(4074,24): warning C4244: аргумент: преобразование "double" в "const unsigned __int64", возможна потеря данных
D:\Visual Studio 2022\VC\Tools\MSVC\14.35.32215\include\pbPlots.cpp(4104,42): warning C4244: аргумент: преобразование "double" в "unsigned __int64", возможна потеря данных
D:\Visual Studio 2022\VC\Tools\MSVC\14.35.32215\include\pbPlots.cpp(4107,31): warning C4244: аргумент: преобразование "double" в "unsigned __int64", возможна потеря данных
D:\Visual Studio 2022\VC\Tools\MSVC\14.35.32215\include\pbPlots.cpp(4145,43): warning C4244: аргумент: преобразование "double" в "const unsigned __int64", возможна потеря данных
D:\Visual Studio 2022\VC\Tools\MSVC\14.35.32215\include\pbPlots.cpp(4148,30): warning C4244: аргумент: преобразование "double" в "const unsigned __int64", возможна потеря данных
D:\Visual Studio 2022\VC\Tools\MSVC\14.35.32215\include\pbPlots.cpp(4170,39): warning C4244: аргумент: преобразование "double" в "const unsigned __int64", возможна потеря данных
D:\Visual Studio 2022\VC\Tools\MSVC\14.35.32215\include\pbPlots.cpp(4173,25): warning C4244: аргумент: преобразование "double" в "const unsigned __int64", возможна потеря данных
D:\Visual Studio 2022\VC\Tools\MSVC\14.35.32215\include\pbPlots.cpp(4195,53): warning C4244: аргумент: преобразование "double" в "const unsigned __int64", возможна потеря данных
D:\Visual Studio 2022\VC\Tools\MSVC\14.35.32215\include\pbPlots.cpp(4198,30): warning C4244: аргумент: преобразование "double" в "const unsigned __int64", возможна потеря данных
D:\Visual Studio 2022\VC\Tools\MSVC\14.35.32215\include\pbPlots.cpp(4207,54): warning C4244: аргумент: преобразование "double" в "const unsigned __int64", возможна потеря данных
D:\Visual Studio 2022\VC\Tools\MSVC\14.35.32215\include\pbPlots.cpp(4228,44): warning C4244: аргумент: преобразование "double" в "const unsigned __int64", возможна потеря данных
D:\Visual Studio 2022\VC\Tools\MSVC\14.35.32215\include\pbPlots.cpp(4288,32): warning C4244: аргумент: преобразование "double" в "const unsigned __int64", возможна потеря данных
D:\Visual Studio 2022\VC\Tools\MSVC\14.35.32215\include\pbPlots.cpp(4288,42): warning C4244: аргумент: преобразование "double" в "const unsigned __int64", возможна потеря данных
D:\Visual Studio 2022\VC\Tools\MSVC\14.35.32215\include\pbPlots.cpp(4300,39): warning C4244: аргумент: преобразование "double" в "unsigned __int64", возможна потеря данных
D:\Visual Studio 2022\VC\Tools\MSVC\14.35.32215\include\pbPlots.cpp(4300,49): warning C4244: аргумент: преобразование "double" в "unsigned __int64", возможна потеря данных
D:\Visual Studio 2022\VC\Tools\MSVC\14.35.32215\include\pbPlots.cpp(4312,38): warning C4244: аргумент: преобразование "double" в "const unsigned __int64", возможна потеря данных
D:\Visual Studio 2022\VC\Tools\MSVC\14.35.32215\include\pbPlots.cpp(4312,56): warning C4244: аргумент: преобразование "double" в "const unsigned __int64", возможна потеря данных
D:\Visual Studio 2022\VC\Tools\MSVC\14.35.32215\include\pbPlots.cpp(4368,31): warning C4244: аргумент: преобразование "double" в "const unsigned __int64", возможна потеря данных
D:\Visual Studio 2022\VC\Tools\MSVC\14.35.32215\include\pbPlots.cpp(4373,44): warning C4244: аргумент: преобразование "double" в "const unsigned __int64", возможна потеря данных
D:\Visual Studio 2022\VC\Tools\MSVC\14.35.32215\include\pbPlots.cpp(4409,67): warning C4244: аргумент: преобразование "double" в "const unsigned __int64", возможна потеря данных
D:\Visual Studio 2022\VC\Tools\MSVC\14.35.32215\include\pbPlots.cpp(4435,36): warning C4244: аргумент: преобразование "double" в "const unsigned __int64", возможна потеря данных
D:\Visual Studio 2022\VC\Tools\MSVC\14.35.32215\include\pbPlots.cpp(4440,23): warning C4244: аргумент: преобразование "double" в "const unsigned __int64", возможна потеря данных
D:\Visual Studio 2022\VC\Tools\MSVC\14.35.32215\include\pbPlots.cpp(4443,33): warning C4244: аргумент: преобразование "double" в "const unsigned __int64", возможна потеря данных
D:\Visual Studio 2022\VC\Tools\MSVC\14.35.32215\include\pbPlots.cpp(4443,43): warning C4244: аргумент: преобразование "double" в "const unsigned __int64", возможна потеря данных
D:\Visual Studio 2022\VC\Tools\MSVC\14.35.32215\include\pbPlots.cpp(4444,27): warning C4244: аргумент: преобразование "double" в "const unsigned __int64", возможна потеря данных
D:\Visual Studio 2022\VC\Tools\MSVC\14.35.32215\include\pbPlots.cpp(4446,27): warning C4244: аргумент: преобразование "double" в "const unsigned __int64", возможна потеря данных
D:\Visual Studio 2022\VC\Tools\MSVC\14.35.32215\include\pbPlots.cpp(4448,27): warning C4244: аргумент: преобразование "double" в "const unsigned __int64", возможна потеря данных
D:\Visual Studio 2022\VC\Tools\MSVC\14.35.32215\include\pbPlots.cpp(4450,27): warning C4244: аргумент: преобразование "double" в "const unsigned __int64", возможна потеря данных
D:\Visual Studio 2022\VC\Tools\MSVC\14.35.32215\include\pbPlots.cpp(4464,36): warning C4244: аргумент: преобразование "double" в "const unsigned __int64", возможна потеря данных
D:\Visual Studio 2022\VC\Tools\MSVC\14.35.32215\include\pbPlots.cpp(4469,23): warning C4244: аргумент: преобразование "double" в "const unsigned __int64", возможна потеря данных
D:\Visual Studio 2022\VC\Tools\MSVC\14.35.32215\include\pbPlots.cpp(4472,33): warning C4244: аргумент: преобразование "double" в "const unsigned __int64", возможна потеря данных
D:\Visual Studio 2022\VC\Tools\MSVC\14.35.32215\include\pbPlots.cpp(4472,43): warning C4244: аргумент: преобразование "double" в "const unsigned __int64", возможна потеря данных
D:\Visual Studio 2022\VC\Tools\MSVC\14.35.32215\include\pbPlots.cpp(4473,27): warning C4244: аргумент: преобразование "double" в "const unsigned __int64", возможна потеря данных
D:\Visual Studio 2022\VC\Tools\MSVC\14.35.32215\include\pbPlots.cpp(4500,28): warning C4244: аргумент: преобразование "double" в "const unsigned __int64", возможна потеря данных
D:\Visual Studio 2022\VC\Tools\MSVC\14.35.32215\include\pbPlots.cpp(4519,20): warning C4244: аргумент: преобразование "double" в "const unsigned __int64", возможна потеря данных
D:\Visual Studio 2022\VC\Tools\MSVC\14.35.32215\include\pbPlots.cpp(4525,35): warning C4244: аргумент: преобразование "double" в "const unsigned __int64", возможна потеря данных
D:\Visual Studio 2022\VC\Tools\MSVC\14.35.32215\include\pbPlots.cpp(4529,20): warning C4244: аргумент: преобразование "double" в "const unsigned __int64", возможна потеря данных
D:\Visual Studio 2022\VC\Tools\MSVC\14.35.32215\include\pbPlots.cpp(4532,30): warning C4244: аргумент: преобразование "double" в "const unsigned __int64", возможна потеря данных
D:\Visual Studio 2022\VC\Tools\MSVC\14.35.32215\include\pbPlots.cpp(4532,53): warning C4244: аргумент: преобразование "double" в "const unsigned __int64", возможна потеря данных
D:\Visual Studio 2022\VC\Tools\MSVC\14.35.32215\include\pbPlots.cpp(4552,20): warning C4244: аргумент: преобразование "double" в "const unsigned __int64", возможна потеря данных
D:\Visual Studio 2022\VC\Tools\MSVC\14.35.32215\include\pbPlots.cpp(4619,29): warning C4244: аргумент: преобразование "double" в "const unsigned __int64", возможна потеря данных
D:\Visual Studio 2022\VC\Tools\MSVC\14.35.32215\include\pbPlots.cpp(4621,16): warning C4244: аргумент: преобразование "double" в "const unsigned __int64", возможна потеря данных
D:\Visual Studio 2022\VC\Tools\MSVC\14.35.32215\include\pbPlots.cpp(4632,35): warning C4244: аргумент: преобразование "double" в "const unsigned __int64", возможна потеря данных
D:\Visual Studio 2022\VC\Tools\MSVC\14.35.32215\include\pbPlots.cpp(4633,30): warning C4244: =: преобразование "double" в "_Ty", возможна потеря данных
          with
          [
              _Ty=wchar_t
          ]
D:\Visual Studio 2022\VC\Tools\MSVC\14.35.32215\include\pbPlots.cpp(4634,30): warning C4244: =: преобразование "double" в "_Ty", возможна потеря данных
          with
          [
              _Ty=wchar_t
          ]
D:\Visual Studio 2022\VC\Tools\MSVC\14.35.32215\include\pbPlots.cpp(4635,30): warning C4244: =: преобразование "double" в "_Ty", возможна потеря данных
          with
          [
              _Ty=wchar_t
          ]
D:\Visual Studio 2022\VC\Tools\MSVC\14.35.32215\include\pbPlots.cpp(4636,30): warning C4244: =: преобразование "double" в "_Ty", возможна потеря данных
          with
          [
              _Ty=wchar_t
          ]
D:\Visual Studio 2022\VC\Tools\MSVC\14.35.32215\include\pbPlots.cpp(4646,39): warning C4244: аргумент: преобразование "double" в "const unsigned __int64", возможна потеря данных
D:\Visual Studio 2022\VC\Tools\MSVC\14.35.32215\include\pbPlots.cpp(4646,54): warning C4244: аргумент: преобразование "double" в "const unsigned __int64", возможна потеря данных
D:\Visual Studio 2022\VC\Tools\MSVC\14.35.32215\include\pbPlots.cpp(4651,21): warning C4244: аргумент: преобразование "double" в "const unsigned __int64", возможна потеря данных
D:\Visual Studio 2022\VC\Tools\MSVC\14.35.32215\include\pbPlots.cpp(4681,29): warning C4244: аргумент: преобразование "double" в "const unsigned __int64", возможна потеря данных
D:\Visual Studio 2022\VC\Tools\MSVC\14.35.32215\include\pbPlots.cpp(4684,17): warning C4244: аргумент: преобразование "double" в "const unsigned __int64", возможна потеря данных
D:\Visual Studio 2022\VC\Tools\MSVC\14.35.32215\include\pbPlots.cpp(4684,38): warning C4244: аргумент: преобразование "double" в "const unsigned __int64", возможна потеря данных
D:\Visual Studio 2022\VC\Tools\MSVC\14.35.32215\include\pbPlots.cpp(4705,23): warning C4244: аргумент: преобразование "double" в "const unsigned __int64", возможна потеря данных
D:\Visual Studio 2022\VC\Tools\MSVC\14.35.32215\include\pbPlots.cpp(4705,35): warning C4244: аргумент: преобразование "double" в "const unsigned __int64", возможна потеря данных
D:\Visual Studio 2022\VC\Tools\MSVC\14.35.32215\include\pbPlots.cpp(4709,34): warning C4244: аргумент: преобразование "double" в "const unsigned __int64", возможна потеря данных
D:\Visual Studio 2022\VC\Tools\MSVC\14.35.32215\include\pbPlots.cpp(4709,48): warning C4244: аргумент: преобразование "double" в "const unsigned __int64", возможна потеря данных
D:\Visual Studio 2022\VC\Tools\MSVC\14.35.32215\include\pbPlots.cpp(4726,52): warning C4244: аргумент: преобразование "double" в "const unsigned __int64", возможна потеря данных
D:\Visual Studio 2022\VC\Tools\MSVC\14.35.32215\include\pbPlots.cpp(4729,23): warning C4244: аргумент: преобразование "double" в "const unsigned __int64", возможна потеря данных
D:\Visual Studio 2022\VC\Tools\MSVC\14.35.32215\include\pbPlots.cpp(4729,39): warning C4244: аргумент: преобразование "double" в "const unsigned __int64", возможна потеря данных
D:\Visual Studio 2022\VC\Tools\MSVC\14.35.32215\include\pbPlots.cpp(4740,43): warning C4244: аргумент: преобразование "double" в "const unsigned __int64", возможна потеря данных
D:\Visual Studio 2022\VC\Tools\MSVC\14.35.32215\include\pbPlots.cpp(4755,24): warning C4244: аргумент: преобразование "double" в "const unsigned __int64", возможна потеря данных
D:\Visual Studio 2022\VC\Tools\MSVC\14.35.32215\include\pbPlots.cpp(4783,33): warning C4244: аргумент: преобразование "double" в "const unsigned __int64", возможна потеря данных
D:\Visual Studio 2022\VC\Tools\MSVC\14.35.32215\include\pbPlots.cpp(4783,55): warning C4244: аргумент: преобразование "double" в "const unsigned __int64", возможна потеря данных
D:\Visual Studio 2022\VC\Tools\MSVC\14.35.32215\include\pbPlots.cpp(4814,24): warning C4244: аргумент: преобразование "double" в "const unsigned __int64", возможна потеря данных
D:\Visual Studio 2022\VC\Tools\MSVC\14.35.32215\include\pbPlots.cpp(4828,20): warning C4244: аргумент: преобразование "double" в "const unsigned __int64", возможна потеря данных
D:\Visual Studio 2022\VC\Tools\MSVC\14.35.32215\include\pbPlots.cpp(4828,52): warning C4244: аргумент: преобразование "double" в "const unsigned __int64", возможна потеря данных
D:\Visual Studio 2022\VC\Tools\MSVC\14.35.32215\include\pbPlots.cpp(4835,20): warning C4244: аргумент: преобразование "double" в "const unsigned __int64", возможна потеря данных
D:\Visual Studio 2022\VC\Tools\MSVC\14.35.32215\include\pbPlots.cpp(4835,52): warning C4244: аргумент: преобразование "double" в "const unsigned __int64", возможна потеря данных
D:\Visual Studio 2022\VC\Tools\MSVC\14.35.32215\include\pbPlots.cpp(4845,39): warning C4244: аргумент: преобразование "double" в "const unsigned __int64", возможна потеря данных
D:\Visual Studio 2022\VC\Tools\MSVC\14.35.32215\include\pbPlots.cpp(4845,68): warning C4244: аргумент: преобразование "double" в "const unsigned __int64", возможна потеря данных
D:\Visual Studio 2022\VC\Tools\MSVC\14.35.32215\include\pbPlots.cpp(4863,34): warning C4244: аргумент: преобразование "double" в "const unsigned __int64", возможна потеря данных
D:\Visual Studio 2022\VC\Tools\MSVC\14.35.32215\include\pbPlots.cpp(4876,62): warning C4244: аргумент: преобразование "double" в "const unsigned __int64", возможна потеря данных
D:\Visual Studio 2022\VC\Tools\MSVC\14.35.32215\include\pbPlots.cpp(4887,34): warning C4244: аргумент: преобразование "double" в "const unsigned __int64", возможна потеря данных
D:\Visual Studio 2022\VC\Tools\MSVC\14.35.32215\include\pbPlots.cpp(4890,24): warning C4244: аргумент: преобразование "double" в "const unsigned __int64", возможна потеря данных
D:\Visual Studio 2022\VC\Tools\MSVC\14.35.32215\include\pbPlots.cpp(4894,62): warning C4244: аргумент: преобразование "double" в "const unsigned __int64", возможна потеря данных
D:\Visual Studio 2022\VC\Tools\MSVC\14.35.32215\include\pbPlots.cpp(4909,41): warning C4244: аргумент: преобразование "double" в "const unsigned __int64", возможна потеря данных
D:\Visual Studio 2022\VC\Tools\MSVC\14.35.32215\include\pbPlots.cpp(4918,45): warning C4244: =: преобразование "unsigned __int64" в "double", возможна потеря данных
D:\Visual Studio 2022\VC\Tools\MSVC\14.35.32215\include\pbPlots.cpp(4921,41): warning C4244: аргумент: преобразование "double" в "const unsigned __int64", возможна потеря данных
D:\Visual Studio 2022\VC\Tools\MSVC\14.35.32215\include\pbPlots.cpp(4933,38): warning C4244: аргумент: преобразование "double" в "const unsigned __int64", возможна потеря данных
D:\Visual Studio 2022\VC\Tools\MSVC\14.35.32215\include\pbPlots.cpp(4953,65): warning C4244: аргумент: преобразование "unsigned __int64" в "double", возможна потеря данных
D:\Visual Studio 2022\VC\Tools\MSVC\14.35.32215\include\pbPlots.cpp(4965,42): warning C4244: аргумент: преобразование "double" в "const unsigned __int64", возможна потеря данных
D:\Visual Studio 2022\VC\Tools\MSVC\14.35.32215\include\pbPlots.cpp(4967,32): warning C4244: аргумент: преобразование "double" в "const unsigned __int64", возможна потеря данных
D:\Visual Studio 2022\VC\Tools\MSVC\14.35.32215\include\pbPlots.cpp(4969,25): warning C4244: аргумент: преобразование "double" в "const unsigned __int64", возможна потеря данных
D:\Visual Studio 2022\VC\Tools\MSVC\14.35.32215\include\pbPlots.cpp(4975,40): warning C4244: аргумент: преобразование "double" в "const unsigned __int64", возможна потеря данных
D:\Visual Studio 2022\VC\Tools\MSVC\14.35.32215\include\pbPlots.cpp(5003,23): warning C4244: аргумент: преобразование "double" в "const unsigned __int64", возможна потеря данных
D:\Visual Studio 2022\VC\Tools\MSVC\14.35.32215\include\pbPlots.cpp(5003,35): warning C4244: аргумент: преобразование "double" в "const unsigned __int64", возможна потеря данных
D:\Visual Studio 2022\VC\Tools\MSVC\14.35.32215\include\pbPlots.cpp(5006,45): warning C4244: аргумент: преобразование "double" в "const unsigned __int64", возможна потеря данных
D:\Visual Studio 2022\VC\Tools\MSVC\14.35.32215\include\pbPlots.cpp(5006,55): warning C4244: аргумент: преобразование "double" в "const unsigned __int64", возможна потеря данных
D:\Visual Studio 2022\VC\Tools\MSVC\14.35.32215\include\pbPlots.cpp(5009,45): warning C4244: аргумент: преобразование "double" в "const unsigned __int64", возможна потеря данных
D:\Visual Studio 2022\VC\Tools\MSVC\14.35.32215\include\pbPlots.cpp(5009,55): warning C4244: аргумент: преобразование "double" в "const unsigned __int64", возможна потеря данных
D:\Visual Studio 2022\VC\Tools\MSVC\14.35.32215\include\pbPlots.cpp(5027,28): warning C4244: аргумент: преобразование "double" в "const unsigned __int64", возможна потеря данных
D:\Visual Studio 2022\VC\Tools\MSVC\14.35.32215\include\pbPlots.cpp(5030,15): warning C4244: аргумент: преобразование "double" в "const unsigned __int64", возможна потеря данных
D:\Visual Studio 2022\VC\Tools\MSVC\14.35.32215\include\pbPlots.cpp(5058,29): warning C4244: аргумент: преобразование "double" в "const unsigned __int64", возможна потеря данных
D:\Visual Studio 2022\VC\Tools\MSVC\14.35.32215\include\pbPlots.cpp(5075,22): warning C4244: аргумент: преобразование "double" в "const unsigned __int64", возможна потеря данных
D:\Visual Studio 2022\VC\Tools\MSVC\14.35.32215\include\pbPlots.cpp(5079,22): warning C4244: аргумент: преобразование "double" в "const unsigned __int64", возможна потеря данных
D:\Visual Studio 2022\VC\Tools\MSVC\14.35.32215\include\pbPlots.cpp(5081,22): warning C4244: аргумент: преобразование "double" в "const unsigned __int64", возможна потеря данных
D:\Visual Studio 2022\VC\Tools\MSVC\14.35.32215\include\pbPlots.cpp(5085,22): warning C4244: аргумент: преобразование "double" в "const unsigned __int64", возможна потеря данных
D:\Visual Studio 2022\VC\Tools\MSVC\14.35.32215\include\pbPlots.cpp(5087,22): warning C4244: аргумент: преобразование "double" в "const unsigned __int64", возможна потеря данных
D:\Visual Studio 2022\VC\Tools\MSVC\14.35.32215\include\pbPlots.cpp(5089,22): warning C4244: аргумент: преобразование "double" в "const unsigned __int64", возможна потеря данных
D:\Visual Studio 2022\VC\Tools\MSVC\14.35.32215\include\pbPlots.cpp(5091,22): warning C4244: аргумент: преобразование "double" в "const unsigned __int64", возможна потеря данных
D:\Visual Studio 2022\VC\Tools\MSVC\14.35.32215\include\pbPlots.cpp(5095,22): warning C4244: аргумент: преобразование "double" в "const unsigned __int64", возможна потеря данных
D:\Visual Studio 2022\VC\Tools\MSVC\14.35.32215\include\pbPlots.cpp(5097,22): warning C4244: аргумент: преобразование "double" в "const unsigned __int64", возможна потеря данных
D:\Visual Studio 2022\VC\Tools\MSVC\14.35.32215\include\pbPlots.cpp(5101,22): warning C4244: аргумент: преобразование "double" в "const unsigned __int64", возможна потеря данных
D:\Visual Studio 2022\VC\Tools\MSVC\14.35.32215\include\pbPlots.cpp(5103,22): warning C4244: аргумент: преобразование "double" в "const unsigned __int64", возможна потеря данных
D:\Visual Studio 2022\VC\Tools\MSVC\14.35.32215\include\pbPlots.cpp(5105,22): warning C4244: аргумент: преобразование "double" в "const unsigned __int64", возможна потеря данных
D:\Visual Studio 2022\VC\Tools\MSVC\14.35.32215\include\pbPlots.cpp(5107,22): warning C4244: аргумент: преобразование "double" в "const unsigned __int64", возможна потеря данных
D:\Visual Studio 2022\VC\Tools\MSVC\14.35.32215\include\pbPlots.cpp(5114,20): warning C4244: аргумент: преобразование "double" в "const unsigned __int64", возможна потеря данных
D:\Visual Studio 2022\VC\Tools\MSVC\14.35.32215\include\pbPlots.cpp(5122,35): warning C4244: аргумент: преобразование "double" в "const unsigned __int64", возможна потеря данных
D:\Visual Studio 2022\VC\Tools\MSVC\14.35.32215\include\pbPlots.cpp(5134,22): warning C4244: аргумент: преобразование "double" в "const unsigned __int64", возможна потеря данных
D:\Visual Studio 2022\VC\Tools\MSVC\14.35.32215\include\pbPlots.cpp(5143,48): warning C4244: аргумент: преобразование "double" в "const unsigned __int64", возможна потеря данных
D:\Visual Studio 2022\VC\Tools\MSVC\14.35.32215\include\pbPlots.cpp(5144,38): warning C4244: аргумент: преобразование "double" в "const unsigned __int64", возможна потеря данных
D:\Visual Studio 2022\VC\Tools\MSVC\14.35.32215\include\pbPlots.cpp(5164,34): warning C4244: аргумент: преобразование "double" в "const unsigned __int64", возможна потеря данных
D:\Visual Studio 2022\VC\Tools\MSVC\14.35.32215\include\pbPlots.cpp(5167,21): warning C4244: аргумент: преобразование "double" в "const unsigned __int64", возможна потеря данных
D:\Visual Studio 2022\VC\Tools\MSVC\14.35.32215\include\pbPlots.cpp(5167,40): warning C4244: аргумент: преобразование "double" в "const unsigned __int64", возможна потеря данных
D:\Visual Studio 2022\VC\Tools\MSVC\14.35.32215\include\pbPlots.cpp(5204,47): warning C4244: аргумент: преобразование "double" в "const unsigned __int64", возможна потеря данных
D:\Visual Studio 2022\VC\Tools\MSVC\14.35.32215\include\pbPlots.cpp(5206,21): warning C4244: аргумент: преобразование "double" в "const unsigned __int64", возможна потеря данных
D:\Visual Studio 2022\VC\Tools\MSVC\14.35.32215\include\pbPlots.cpp(5206,35): warning C4244: аргумент: преобразование "double" в "const unsigned __int64", возможна потеря данных
D:\Visual Studio 2022\VC\Tools\MSVC\14.35.32215\include\pbPlots.cpp(5221,47): warning C4244: аргумент: преобразование "double" в "const unsigned __int64", возможна потеря данных
D:\Visual Studio 2022\VC\Tools\MSVC\14.35.32215\include\pbPlots.cpp(5226,29): warning C4244: аргумент: преобразование "double" в "const unsigned __int64", возможна потеря данных
D:\Visual Studio 2022\VC\Tools\MSVC\14.35.32215\include\pbPlots.cpp(5226,43): warning C4244: аргумент: преобразование "double" в "const unsigned __int64", возможна потеря данных
D:\Visual Studio 2022\VC\Tools\MSVC\14.35.32215\include\pbPlots.cpp(5229,31): warning C4244: аргумент: преобразование "double" в "const unsigned __int64", возможна потеря данных
D:\Visual Studio 2022\VC\Tools\MSVC\14.35.32215\include\pbPlots.cpp(5229,49): warning C4244: аргумент: преобразование "double" в "const unsigned __int64", возможна потеря данных
D:\Visual Studio 2022\VC\Tools\MSVC\14.35.32215\include\pbPlots.cpp(5242,34): warning C4244: аргумент: преобразование "double" в "const unsigned __int64", возможна потеря данных
D:\Visual Studio 2022\VC\Tools\MSVC\14.35.32215\include\pbPlots.cpp(5251,57): warning C4244: аргумент: преобразование "double" в "const unsigned __int64", возможна потеря данных
D:\Visual Studio 2022\VC\Tools\MSVC\14.35.32215\include\pbPlots.cpp(5254,21): warning C4244: аргумент: преобразование "double" в "const unsigned __int64", возможна потеря данных
D:\Visual Studio 2022\VC\Tools\MSVC\14.35.32215\include\pbPlots.cpp(5254,35): warning C4244: аргумент: преобразование "double" в "const unsigned __int64", возможна потеря данных
D:\Visual Studio 2022\VC\Tools\MSVC\14.35.32215\include\pbPlots.cpp(5269,57): warning C4244: аргумент: преобразование "double" в "const unsigned __int64", возможна потеря данных
D:\Visual Studio 2022\VC\Tools\MSVC\14.35.32215\include\pbPlots.cpp(5274,29): warning C4244: аргумент: преобразование "double" в "const unsigned __int64", возможна потеря данных
D:\Visual Studio 2022\VC\Tools\MSVC\14.35.32215\include\pbPlots.cpp(5274,43): warning C4244: аргумент: преобразование "double" в "const unsigned __int64", возможна потеря данных
D:\Visual Studio 2022\VC\Tools\MSVC\14.35.32215\include\pbPlots.cpp(5277,31): warning C4244: аргумент: преобразование "double" в "const unsigned __int64", возможна потеря данных
D:\Visual Studio 2022\VC\Tools\MSVC\14.35.32215\include\pbPlots.cpp(5277,49): warning C4244: аргумент: преобразование "double" в "const unsigned __int64", возможна потеря данных
D:\Visual Studio 2022\VC\Tools\MSVC\14.35.32215\include\pbPlots.cpp(5290,34): warning C4244: аргумент: преобразование "double" в "const unsigned __int64", возможна потеря данных
D:\Visual Studio 2022\VC\Tools\MSVC\14.35.32215\include\pbPlots.cpp(5299,45): warning C4244: аргумент: преобразование "double" в "unsigned __int64", возможна потеря данных
D:\Visual Studio 2022\VC\Tools\MSVC\14.35.32215\include\pbPlots.cpp(5301,21): warning C4244: аргумент: преобразование "double" в "unsigned __int64", возможна потеря данных
D:\Visual Studio 2022\VC\Tools\MSVC\14.35.32215\include\pbPlots.cpp(5301,35): warning C4244: аргумент: преобразование "double" в "unsigned __int64", возможна потеря данных
D:\Visual Studio 2022\VC\Tools\MSVC\14.35.32215\include\pbPlots.cpp(5316,45): warning C4244: аргумент: преобразование "double" в "unsigned __int64", возможна потеря данных
D:\Visual Studio 2022\VC\Tools\MSVC\14.35.32215\include\pbPlots.cpp(5321,29): warning C4244: аргумент: преобразование "double" в "unsigned __int64", возможна потеря данных
D:\Visual Studio 2022\VC\Tools\MSVC\14.35.32215\include\pbPlots.cpp(5321,43): warning C4244: аргумент: преобразование "double" в "unsigned __int64", возможна потеря данных
D:\Visual Studio 2022\VC\Tools\MSVC\14.35.32215\include\pbPlots.cpp(5324,31): warning C4244: аргумент: преобразование "double" в "unsigned __int64", возможна потеря данных
D:\Visual Studio 2022\VC\Tools\MSVC\14.35.32215\include\pbPlots.cpp(5324,49): warning C4244: аргумент: преобразование "double" в "unsigned __int64", возможна потеря данных
D:\Visual Studio 2022\VC\Tools\MSVC\14.35.32215\include\pbPlots.cpp(5337,35): warning C4244: аргумент: преобразование "double" в "unsigned __int64", возможна потеря данных
D:\Visual Studio 2022\VC\Tools\MSVC\14.35.32215\include\pbPlots.cpp(5368,42): warning C4244: аргумент: преобразование "double" в "const unsigned __int64", возможна потеря данных
D:\Visual Studio 2022\VC\Tools\MSVC\14.35.32215\include\pbPlots.cpp(5371,19): warning C4244: аргумент: преобразование "double" в "const unsigned __int64", возможна потеря данных
D:\Visual Studio 2022\VC\Tools\MSVC\14.35.32215\include\pbPlots.cpp(5372,19): warning C4244: аргумент: преобразование "double" в "const unsigned __int64", возможна потеря данных
D:\Visual Studio 2022\VC\Tools\MSVC\14.35.32215\include\pbPlots.cpp(5418,42): warning C4244: аргумент: преобразование "double" в "const unsigned __int64", возможна потеря данных
D:\Visual Studio 2022\VC\Tools\MSVC\14.35.32215\include\pbPlots.cpp(5420,17): warning C4244: аргумент: преобразование "double" в "const unsigned __int64", возможна потеря данных
D:\Visual Studio 2022\VC\Tools\MSVC\14.35.32215\include\pbPlots.cpp(5527,39): warning C4244: аргумент: преобразование "double" в "const unsigned __int64", возможна потеря данных
D:\Visual Studio 2022\VC\Tools\MSVC\14.35.32215\include\pbPlots.cpp(5540,32): warning C4244: аргумент: преобразование "double" в "const unsigned __int64", возможна потеря данных
D:\Visual Studio 2022\VC\Tools\MSVC\14.35.32215\include\pbPlots.cpp(5543,19): warning C4244: аргумент: преобразование "double" в "const unsigned __int64", возможна потеря данных
D:\Visual Studio 2022\VC\Tools\MSVC\14.35.32215\include\pbPlots.cpp(5556,43): warning C4244: аргумент: преобразование "double" в "const unsigned __int64", возможна потеря данных
D:\Visual Studio 2022\VC\Tools\MSVC\14.35.32215\include\pbPlots.cpp(5616,33): warning C4244: аргумент: преобразование "double" в "const unsigned __int64", возможна потеря данных
D:\Visual Studio 2022\VC\Tools\MSVC\14.35.32215\include\pbPlots.cpp(5619,19): warning C4244: аргумент: преобразование "double" в "const unsigned __int64", возможна потеря данных
D:\Visual Studio 2022\VC\Tools\MSVC\14.35.32215\include\pbPlots.cpp(5655,36): warning C4244: аргумент: преобразование "double" в "const unsigned __int64", возможна потеря данных
D:\Visual Studio 2022\VC\Tools\MSVC\14.35.32215\include\pbPlots.cpp(5664,36): warning C4244: аргумент: преобразование "double" в "const unsigned __int64", возможна потеря данных
D:\Visual Studio 2022\VC\Tools\MSVC\14.35.32215\include\pbPlots.cpp(5674,21): warning C4244: аргумент: преобразование "double" в "const unsigned __int64", возможна потеря данных
D:\Visual Studio 2022\VC\Tools\MSVC\14.35.32215\include\pbPlots.cpp(5682,35): warning C4244: аргумент: преобразование "double" в "const unsigned __int64", возможна потеря данных
D:\Visual Studio 2022\VC\Tools\MSVC\14.35.32215\include\pbPlots.cpp(5685,22): warning C4244: аргумент: преобразование "double" в "const unsigned __int64", возможна потеря данных
D:\Visual Studio 2022\VC\Tools\MSVC\14.35.32215\include\pbPlots.cpp(5685,41): warning C4244: аргумент: преобразование "double" в "const unsigned __int64", возможна потеря данных
D:\Visual Studio 2022\VC\Tools\MSVC\14.35.32215\include\pbPlots.cpp(5708,35): warning C4244: аргумент: преобразование "double" в "const unsigned __int64", возможна потеря данных
D:\Visual Studio 2022\VC\Tools\MSVC\14.35.32215\include\pbPlots.cpp(5711,22): warning C4244: аргумент: преобразование "double" в "const unsigned __int64", возможна потеря данных
D:\Visual Studio 2022\VC\Tools\MSVC\14.35.32215\include\pbPlots.cpp(5711,41): warning C4244: аргумент: преобразование "double" в "const unsigned __int64", возможна потеря данных
D:\Visual Studio 2022\VC\Tools\MSVC\14.35.32215\include\pbPlots.cpp(5719,26): warning C4244: аргумент: преобразование "double" в "const unsigned __int64", возможна потеря данных
D:\Visual Studio 2022\VC\Tools\MSVC\14.35.32215\include\pbPlots.cpp(5732,23): warning C4244: аргумент: преобразование "double" в "const unsigned __int64", возможна потеря данных
D:\Visual Studio 2022\VC\Tools\MSVC\14.35.32215\include\pbPlots.cpp(5732,44): warning C4244: аргумент: преобразование "double" в "const unsigned __int64", возможна потеря данных
D:\Visual Studio 2022\VC\Tools\MSVC\14.35.32215\include\pbPlots.cpp(5735,19): warning C4244: аргумент: преобразование "double" в "const unsigned __int64", возможна потеря данных
D:\Visual Studio 2022\VC\Tools\MSVC\14.35.32215\include\pbPlots.cpp(5740,19): warning C4244: аргумент: преобразование "double" в "const unsigned __int64", возможна потеря данных
D:\Visual Studio 2022\VC\Tools\MSVC\14.35.32215\include\pbPlots.cpp(5746,23): warning C4244: аргумент: преобразование "double" в "const unsigned __int64", возможна потеря данных
D:\Visual Studio 2022\VC\Tools\MSVC\14.35.32215\include\pbPlots.cpp(5746,44): warning C4244: аргумент: преобразование "double" в "const unsigned __int64", возможна потеря данных
D:\Visual Studio 2022\VC\Tools\MSVC\14.35.32215\include\pbPlots.cpp(5763,34): warning C4244: аргумент: преобразование "double" в "const unsigned __int64", возможна потеря данных
D:\Visual Studio 2022\VC\Tools\MSVC\14.35.32215\include\pbPlots.cpp(5766,19): warning C4244: аргумент: преобразование "double" в "const unsigned __int64", возможна потеря данных
D:\Visual Studio 2022\VC\Tools\MSVC\14.35.32215\include\pbPlots.cpp(5766,38): warning C4244: аргумент: преобразование "double" в "const unsigned __int64", возможна потеря данных
D:\Visual Studio 2022\VC\Tools\MSVC\14.35.32215\include\pbPlots.cpp(5785,20): warning C4244: =: преобразование "unsigned __int64" в "double", возможна потеря данных
D:\Visual Studio 2022\VC\Tools\MSVC\14.35.32215\include\pbPlots.cpp(5792,23): warning C4244: аргумент: преобразование "double" в "const unsigned __int64", возможна потеря данных
D:\Visual Studio 2022\VC\Tools\MSVC\14.35.32215\include\pbPlots.cpp(5792,38): warning C4244: аргумент: преобразование "double" в "const unsigned __int64", возможна потеря данных
D:\Visual Studio 2022\VC\Tools\MSVC\14.35.32215\include\pbPlots.cpp(5802,29): warning C4244: =: преобразование "unsigned __int64" в "double", возможна потеря данных
D:\Visual Studio 2022\VC\Tools\MSVC\14.35.32215\include\pbPlots.cpp(5813,30): warning C4244: аргумент: преобразование "double" в "const unsigned __int64", возможна потеря данных
D:\Visual Studio 2022\VC\Tools\MSVC\14.35.32215\include\pbPlots.cpp(5813,49): warning C4244: аргумент: преобразование "double" в "const unsigned __int64", возможна потеря данных
D:\Visual Studio 2022\VC\Tools\MSVC\14.35.32215\include\pbPlots.cpp(5831,47): warning C4244: аргумент: преобразование "double" в "const unsigned __int64", возможна потеря данных
D:\Visual Studio 2022\VC\Tools\MSVC\14.35.32215\include\pbPlots.cpp(5846,38): warning C4244: аргумент: преобразование "double" в "const unsigned __int64", возможна потеря данных
D:\Visual Studio 2022\VC\Tools\MSVC\14.35.32215\include\pbPlots.cpp(5849,23): warning C4244: аргумент: преобразование "double" в "const unsigned __int64", возможна потеря данных
D:\Visual Studio 2022\VC\Tools\MSVC\14.35.32215\include\pbPlots.cpp(5859,48): warning C4244: аргумент: преобразование "double" в "const unsigned __int64", возможна потеря данных
D:\Visual Studio 2022\VC\Tools\MSVC\14.35.32215\include\pbPlots.cpp(5861,21): warning C4244: аргумент: преобразование "double" в "const unsigned __int64", возможна потеря данных
D:\Visual Studio 2022\VC\Tools\MSVC\14.35.32215\include\pbPlots.cpp(5861,35): warning C4244: аргумент: преобразование "double" в "const unsigned __int64", возможна потеря данных
D:\Visual Studio 2022\VC\Tools\MSVC\14.35.32215\include\pbPlots.cpp(5876,48): warning C4244: аргумент: преобразование "double" в "const unsigned __int64", возможна потеря данных
D:\Visual Studio 2022\VC\Tools\MSVC\14.35.32215\include\pbPlots.cpp(5881,29): warning C4244: аргумент: преобразование "double" в "const unsigned __int64", возможна потеря данных
D:\Visual Studio 2022\VC\Tools\MSVC\14.35.32215\include\pbPlots.cpp(5881,43): warning C4244: аргумент: преобразование "double" в "const unsigned __int64", возможна потеря данных
D:\Visual Studio 2022\VC\Tools\MSVC\14.35.32215\include\pbPlots.cpp(5884,31): warning C4244: аргумент: преобразование "double" в "const unsigned __int64", возможна потеря данных
D:\Visual Studio 2022\VC\Tools\MSVC\14.35.32215\include\pbPlots.cpp(5884,49): warning C4244: аргумент: преобразование "double" в "const unsigned __int64", возможна потеря данных
D:\Visual Studio 2022\VC\Tools\MSVC\14.35.32215\include\pbPlots.cpp(5897,29): warning C4244: аргумент: преобразование "double" в "const unsigned __int64", возможна потеря данных
D:\Visual Studio 2022\VC\Tools\MSVC\14.35.32215\include\pbPlots.cpp(6673,18): warning C4244: аргумент: преобразование "double" в "const unsigned __int64", возможна потеря данных
D:\Visual Studio 2022\VC\Tools\MSVC\14.35.32215\include\pbPlots.cpp(6698,38): warning C4244: аргумент: преобразование "double" в "const unsigned __int64", возможна потеря данных
D:\Visual Studio 2022\VC\Tools\MSVC\14.35.32215\include\pbPlots.cpp(6687,20): warning C4101: i: неиспользованная локальная переменная
D:\Visual Studio 2022\VC\Tools\MSVC\14.35.32215\include\pbPlots.cpp(6715,18): warning C4244: аргумент: преобразование "double" в "const unsigned __int64", возможна потеря данных
D:\Visual Studio 2022\VC\Tools\MSVC\14.35.32215\include\pbPlots.cpp(6737,31): warning C4244: аргумент: преобразование "double" в "const unsigned __int64", возможна потеря данных
D:\Visual Studio 2022\VC\Tools\MSVC\14.35.32215\include\pbPlots.cpp(6766,36): warning C4244: аргумент: преобразование "double" в "const unsigned __int64", возможна потеря данных
D:\Visual Studio 2022\VC\Tools\MSVC\14.35.32215\include\pbPlots.cpp(6786,50): warning C4244: аргумент: преобразование "double" в "const unsigned __int64", возможна потеря данных
D:\Visual Studio 2022\VC\Tools\MSVC\14.35.32215\include\pbPlots.cpp(6836,32): warning C4244: аргумент: преобразование "double" в "const unsigned __int64", возможна потеря данных
D:\Visual Studio 2022\VC\Tools\MSVC\14.35.32215\include\pbPlots.cpp(6836,53): warning C4244: аргумент: преобразование "double" в "const unsigned __int64", возможна потеря данных
D:\Visual Studio 2022\VC\Tools\MSVC\14.35.32215\include\pbPlots.cpp(6867,35): warning C4244: аргумент: преобразование "double" в "const unsigned __int64", возможна потеря данных
D:\Visual Studio 2022\VC\Tools\MSVC\14.35.32215\include\pbPlots.cpp(6870,19): warning C4244: аргумент: преобразование "double" в "const unsigned __int64", возможна потеря данных
D:\Visual Studio 2022\VC\Tools\MSVC\14.35.32215\include\pbPlots.cpp(6899,56): warning C4244: аргумент: преобразование "double" в "const unsigned __int64", возможна потеря данных
D:\Visual Studio 2022\VC\Tools\MSVC\14.35.32215\include\pbPlots.cpp(6913,63): warning C4244: аргумент: преобразование "double" в "const unsigned __int64", возможна потеря данных
D:\Visual Studio 2022\VC\Tools\MSVC\14.35.32215\include\pbPlots.cpp(6939,46): warning C4244: аргумент: преобразование "double" в "const unsigned __int64", возможна потеря данных
D:\Visual Studio 2022\VC\Tools\MSVC\14.35.32215\include\pbPlots.cpp(7050,46): warning C4244: аргумент: преобразование "double" в "const unsigned __int64", возможна потеря данных
D:\Visual Studio 2022\VC\Tools\MSVC\14.35.32215\include\pbPlots.cpp(7063,23): warning C4244: аргумент: преобразование "double" в "const unsigned __int64", возможна потеря данных
D:\Visual Studio 2022\VC\Tools\MSVC\14.35.32215\include\pbPlots.cpp(7063,52): warning C4244: аргумент: преобразование "double" в "const unsigned __int64", возможна потеря данных
D:\Visual Studio 2022\VC\Tools\MSVC\14.35.32215\include\pbPlots.cpp(7073,23): warning C4244: аргумент: преобразование "double" в "const unsigned __int64", возможна потеря данных
D:\Visual Studio 2022\VC\Tools\MSVC\14.35.32215\include\pbPlots.cpp(7073,52): warning C4244: аргумент: преобразование "double" в "const unsigned __int64", возможна потеря данных
D:\Visual Studio 2022\VC\Tools\MSVC\14.35.32215\include\pbPlots.cpp(7094,23): warning C4244: аргумент: преобразование "double" в "const unsigned __int64", возможна потеря данных
D:\Visual Studio 2022\VC\Tools\MSVC\14.35.32215\include\pbPlots.cpp(7094,52): warning C4244: аргумент: преобразование "double" в "const unsigned __int64", возможна потеря данных
D:\Visual Studio 2022\VC\Tools\MSVC\14.35.32215\include\pbPlots.cpp(7109,23): warning C4244: аргумент: преобразование "double" в "const unsigned __int64", возможна потеря данных
D:\Visual Studio 2022\VC\Tools\MSVC\14.35.32215\include\pbPlots.cpp(7109,52): warning C4244: аргумент: преобразование "double" в "const unsigned __int64", возможна потеря данных
D:\Visual Studio 2022\VC\Tools\MSVC\14.35.32215\include\supportLib.cpp(12,20): warning C4244: =: преобразование "_Ty" в "unsigned char", возможна потеря данных
          with
          [
              _Ty=double
          ]
  [NM] 6.5.1.vcxproj -> D:\C C++ Projects\[NM] 6.5.1\x64\Debug\[NM] 6.5.1.exe
