  LU.cpp
C:\Users\lxve_every1\source\repos\LU\LU\LU.cpp(52,33): error C2664: "std::vector<std::vector<double,std::allocator<double>>,std::allocator<std::vector<double,std::allocator<double>>>>::vector(const unsigned int,const _Alloc &)": невозможно преобразовать аргумент 2 из "int" в "const _Alloc &"
          with
          [
              _Alloc=std::allocator<std::vector<double,std::allocator<double>>>
          ]
C:\Users\lxve_every1\source\repos\LU\LU\LU.cpp(52,33): message : Причина: невозможно преобразовать "int" в "const _Alloc"
          with
          [
              _Alloc=std::allocator<std::vector<double,std::allocator<double>>>
          ]
C:\Users\lxve_every1\source\repos\LU\LU\LU.cpp(52,33): message : Ни один конструктор не смог принять исходный тип, либо разрешение перегрузки конструктора неоднозначно
C:\Program Files (x86)\Microsoft Visual Studio\2019\Community\VC\Tools\MSVC\14.29.30133\include\vector(488,5): message : см. объявление "std::vector<std::vector<double,std::allocator<double>>,std::allocator<std::vector<double,std::allocator<double>>>>::vector"
C:\Users\lxve_every1\source\repos\LU\LU\LU.cpp(52,42): error C2664: "std::vector<std::vector<double,std::allocator<double>>,std::allocator<std::vector<double,std::allocator<double>>>>::vector(const unsigned int,const _Alloc &)": невозможно преобразовать аргумент 2 из "int" в "const _Alloc &"
          with
          [
              _Alloc=std::allocator<std::vector<double,std::allocator<double>>>
          ]
C:\Users\lxve_every1\source\repos\LU\LU\LU.cpp(52,42): message : Причина: невозможно преобразовать "int" в "const _Alloc"
          with
          [
              _Alloc=std::allocator<std::vector<double,std::allocator<double>>>
          ]
C:\Users\lxve_every1\source\repos\LU\LU\LU.cpp(52,42): message : Ни один конструктор не смог принять исходный тип, либо разрешение перегрузки конструктора неоднозначно
C:\Program Files (x86)\Microsoft Visual Studio\2019\Community\VC\Tools\MSVC\14.29.30133\include\vector(488,5): message : см. объявление "std::vector<std::vector<double,std::allocator<double>>,std::allocator<std::vector<double,std::allocator<double>>>>::vector"
C:\Users\lxve_every1\source\repos\LU\LU\LU.cpp(52,51): error C2664: "std::vector<std::vector<double,std::allocator<double>>,std::allocator<std::vector<double,std::allocator<double>>>>::vector(const unsigned int,const _Alloc &)": невозможно преобразовать аргумент 2 из "int" в "const _Alloc &"
          with
          [
              _Alloc=std::allocator<std::vector<double,std::allocator<double>>>
          ]
C:\Users\lxve_every1\source\repos\LU\LU\LU.cpp(52,51): message : Причина: невозможно преобразовать "int" в "const _Alloc"
          with
          [
              _Alloc=std::allocator<std::vector<double,std::allocator<double>>>
          ]
C:\Users\lxve_every1\source\repos\LU\LU\LU.cpp(52,51): message : Ни один конструктор не смог принять исходный тип, либо разрешение перегрузки конструктора неоднозначно
C:\Program Files (x86)\Microsoft Visual Studio\2019\Community\VC\Tools\MSVC\14.29.30133\include\vector(488,5): message : см. объявление "std::vector<std::vector<double,std::allocator<double>>,std::allocator<std::vector<double,std::allocator<double>>>>::vector"
C:\Users\lxve_every1\source\repos\LU\LU\LU.cpp(52,60): error C2664: "std::vector<std::vector<double,std::allocator<double>>,std::allocator<std::vector<double,std::allocator<double>>>>::vector(const unsigned int,const _Alloc &)": невозможно преобразовать аргумент 2 из "int" в "const _Alloc &"
          with
          [
              _Alloc=std::allocator<std::vector<double,std::allocator<double>>>
          ]
C:\Users\lxve_every1\source\repos\LU\LU\LU.cpp(52,60): message : Причина: невозможно преобразовать "int" в "const _Alloc"
          with
          [
              _Alloc=std::allocator<std::vector<double,std::allocator<double>>>
          ]
C:\Users\lxve_every1\source\repos\LU\LU\LU.cpp(52,60): message : Ни один конструктор не смог принять исходный тип, либо разрешение перегрузки конструктора неоднозначно
C:\Program Files (x86)\Microsoft Visual Studio\2019\Community\VC\Tools\MSVC\14.29.30133\include\vector(488,5): message : см. объявление "std::vector<std::vector<double,std::allocator<double>>,std::allocator<std::vector<double,std::allocator<double>>>>::vector"
