F:\Университет\Вычислительные методы алгебры\Лабы\CONTROL WORK\CONTROL WORK\DEBUG\CONTROL WORK.OBJ
F:\Университет\Вычислительные методы алгебры\Лабы\CONTROL WORK\CONTROL WORK\DEBUG\MATRIX.OBJ
F:\Университет\Вычислительные методы алгебры\Лабы\CONTROL WORK\CONTROL WORK\DEBUG\POLYNOM.OBJ
F:\УНИВЕРСИТЕТ\ВЫЧИСЛИТЕЛЬНЫЕ МЕТОДЫ АЛГЕБРЫ\ЛАБЫ\CONTROL WORK\CONTROL WORK\DEBUG\VC110.PDB
F:\Университет\Вычислительные методы алгебры\Лабы\CONTROL WORK\DEBUG\CONTROL WORK.ILK
F:\Университет\Вычислительные методы алгебры\Лабы\CONTROL WORK\DEBUG\CONTROL WORK.EXE
F:\УНИВЕРСИТЕТ\ВЫЧИСЛИТЕЛЬНЫЕ МЕТОДЫ АЛГЕБРЫ\ЛАБЫ\CONTROL WORK\DEBUG\CONTROL WORK.PDB
F:\Университет\Вычислительные методы алгебры\Лабы\Control Work\1\Control Work\Debug\Control Work.obj
F:\Университет\Вычислительные методы алгебры\Лабы\Control Work\1\Control Work\Debug\matrix.obj
F:\Университет\Вычислительные методы алгебры\Лабы\Control Work\1\Control Work\Debug\polynom.obj
F:\Университет\Вычислительные методы алгебры\Лабы\Control Work\1\Control Work\Debug\cl.command.1.tlog
F:\Университет\Вычислительные методы алгебры\Лабы\Control Work\1\Control Work\Debug\CL.read.1.tlog
F:\Университет\Вычислительные методы алгебры\Лабы\Control Work\1\Control Work\Debug\CL.write.1.tlog
F:\Университет\Вычислительные методы алгебры\Лабы\Control Work\1\Control Work\Debug\link-cvtres.read.1.tlog
F:\Университет\Вычислительные методы алгебры\Лабы\Control Work\1\Control Work\Debug\link-cvtres.write.1.tlog
F:\Университет\Вычислительные методы алгебры\Лабы\Control Work\1\Control Work\Debug\link-rc.read.1.tlog
F:\Университет\Вычислительные методы алгебры\Лабы\Control Work\1\Control Work\Debug\link-rc.write.1.tlog
F:\Университет\Вычислительные методы алгебры\Лабы\Control Work\1\Control Work\Debug\link.command.1.tlog
F:\Университет\Вычислительные методы алгебры\Лабы\Control Work\1\Control Work\Debug\link.read.1.tlog
F:\Университет\Вычислительные методы алгебры\Лабы\Control Work\1\Control Work\Debug\link.write.1.tlog
F:\Университет\Вычислительные методы алгебры\Лабы\Control Work\1\Control Work\Debug\vc110.idb
F:\Университет\Вычислительные методы алгебры\Лабы\Control Work\1\Control Work\Debug\vc110.pdb
F:\Университет\Вычислительные методы алгебры\Лабы\Control Work\1\Debug\Control Work.pdb
F:\Университет\Вычислительные методы алгебры\Лабы\Control Work\1\Debug\Control Work.exe
F:\Университет\Вычислительные методы алгебры\Лабы\Control Work\1\Debug\Control Work.ilk
